[2026-03-26T01:36:36.504+0000] {local_task_job_runner.py:120} INFO - ::group::Pre task execution logs
[2026-03-26T01:36:36.553+0000] {taskinstance.py:2076} INFO - Dependencies all met for dep_context=non-requeueable deps ti=<TaskInstance: gold_mtg_pipeline.transform_gold scheduled__2026-03-26T01:00:00+00:00 [queued]>
[2026-03-26T01:36:36.565+0000] {taskinstance.py:2076} INFO - Dependencies all met for dep_context=requeueable deps ti=<TaskInstance: gold_mtg_pipeline.transform_gold scheduled__2026-03-26T01:00:00+00:00 [queued]>
[2026-03-26T01:36:36.566+0000] {taskinstance.py:2306} INFO - Starting attempt 2 of 3
[2026-03-26T01:36:36.586+0000] {taskinstance.py:2330} INFO - Executing <Task(PythonOperator): transform_gold> on 2026-03-26 01:00:00+00:00
[2026-03-26T01:36:36.605+0000] {standard_task_runner.py:90} INFO - Running: ['airflow', 'tasks', 'run', 'gold_mtg_pipeline', 'transform_gold', 'scheduled__2026-03-26T01:00:00+00:00', '--job-id', '79', '--raw', '--subdir', 'DAGS_FOLDER/dag_gold_mtg.py', '--cfg-path', '/tmp/tmpiuzgxj8d']
[2026-03-26T01:36:36.612+0000] {standard_task_runner.py:91} INFO - Job 79: Subtask transform_gold
[2026-03-26T01:36:36.617+0000] {logging_mixin.py:188} WARNING - /home/airflow/.local/lib/python3.12/site-packages/airflow/task/task_runner/standard_task_runner.py:61 DeprecationWarning: This process (pid=936) is multi-threaded, use of fork() may lead to deadlocks in the child.
[2026-03-26T01:36:36.618+0000] {standard_task_runner.py:63} INFO - Started process 946 to run task
[2026-03-26T01:36:36.688+0000] {task_command.py:426} INFO - Running <TaskInstance: gold_mtg_pipeline.transform_gold scheduled__2026-03-26T01:00:00+00:00 [running]> on host d5dd30dd3575
[2026-03-26T01:36:36.987+0000] {taskinstance.py:2648} INFO - Exporting env vars: AIRFLOW_CTX_DAG_OWNER='tiago' AIRFLOW_CTX_DAG_ID='gold_mtg_pipeline' AIRFLOW_CTX_TASK_ID='transform_gold' AIRFLOW_CTX_EXECUTION_DATE='2026-03-26T01:00:00+00:00' AIRFLOW_CTX_TRY_NUMBER='2' AIRFLOW_CTX_DAG_RUN_ID='scheduled__2026-03-26T01:00:00+00:00'
[2026-03-26T01:36:36.988+0000] {taskinstance.py:430} INFO - ::endgroup::
[2026-03-26T01:36:37.014+0000] {logging_mixin.py:188} WARNING - /opt/airflow/src/transform/transform_gold.py:12 UserWarning: pandas only supports SQLAlchemy connectable (engine/connection) or database string URI or sqlite3 DBAPI2 connection. Other DBAPI2 objects are not tested. Please consider using SQLAlchemy.
[2026-03-26T01:36:37.015+0000] {taskinstance.py:441} INFO - ::group::Post task execution logs
[2026-03-26T01:36:37.016+0000] {taskinstance.py:2905} ERROR - Task failed with exception
Traceback (most recent call last):
  File "/home/airflow/.local/lib/python3.12/site-packages/pandas/io/sql.py", line 2262, in execute
    cur.execute(sql, *args)
psycopg2.errors.UndefinedTable: relation "silver_cards" does not exist
LINE 1: SELECT * FROM silver_cards
                      ^


The above exception was the direct cause of the following exception:

Traceback (most recent call last):
  File "/home/airflow/.local/lib/python3.12/site-packages/airflow/models/taskinstance.py", line 465, in _execute_task
    result = _execute_callable(context=context, **execute_callable_kwargs)
             ^^^^^^^^^^^^^^^^^^^^^^^^^^^^^^^^^^^^^^^^^^^^^^^^^^^^^^^^^^^^^
  File "/home/airflow/.local/lib/python3.12/site-packages/airflow/models/taskinstance.py", line 432, in _execute_callable
    return execute_callable(context=context, **execute_callable_kwargs)
           ^^^^^^^^^^^^^^^^^^^^^^^^^^^^^^^^^^^^^^^^^^^^^^^^^^^^^^^^^^^^
  File "/home/airflow/.local/lib/python3.12/site-packages/airflow/models/baseoperator.py", line 400, in wrapper
    return func(self, *args, **kwargs)
           ^^^^^^^^^^^^^^^^^^^^^^^^^^^
  File "/home/airflow/.local/lib/python3.12/site-packages/airflow/operators/python.py", line 235, in execute
    return_value = self.execute_callable()
                   ^^^^^^^^^^^^^^^^^^^^^^^
  File "/home/airflow/.local/lib/python3.12/site-packages/airflow/operators/python.py", line 252, in execute_callable
    return self.python_callable(*self.op_args, **self.op_kwargs)
           ^^^^^^^^^^^^^^^^^^^^^^^^^^^^^^^^^^^^^^^^^^^^^^^^^^^^^
  File "/opt/airflow/src/transform/transform_gold.py", line 12, in transform_gold
    df = pd.read_sql("SELECT * FROM silver_cards", conn)
         ^^^^^^^^^^^^^^^^^^^^^^^^^^^^^^^^^^^^^^^^^^^^^^^
  File "/home/airflow/.local/lib/python3.12/site-packages/pandas/io/sql.py", line 654, in read_sql
    return pandas_sql.read_query(
           ^^^^^^^^^^^^^^^^^^^^^^
  File "/home/airflow/.local/lib/python3.12/site-packages/pandas/io/sql.py", line 2326, in read_query
    cursor = self.execute(sql, params)
             ^^^^^^^^^^^^^^^^^^^^^^^^^
  File "/home/airflow/.local/lib/python3.12/site-packages/pandas/io/sql.py", line 2274, in execute
    raise ex from exc
pandas.errors.DatabaseError: Execution failed on sql 'SELECT * FROM silver_cards': relation "silver_cards" does not exist
LINE 1: SELECT * FROM silver_cards
                      ^

[2026-03-26T01:36:37.026+0000] {taskinstance.py:1206} INFO - Marking task as UP_FOR_RETRY. dag_id=gold_mtg_pipeline, task_id=transform_gold, run_id=scheduled__2026-03-26T01:00:00+00:00, execution_date=20260326T010000, start_date=20260326T013636, end_date=20260326T013637
[2026-03-26T01:36:37.038+0000] {standard_task_runner.py:110} ERROR - Failed to execute job 79 for task transform_gold (Execution failed on sql 'SELECT * FROM silver_cards': relation "silver_cards" does not exist
LINE 1: SELECT * FROM silver_cards
                      ^
; 946)
[2026-03-26T01:36:37.082+0000] {local_task_job_runner.py:240} INFO - Task exited with return code 1
[2026-03-26T01:36:37.107+0000] {taskinstance.py:3498} INFO - 0 downstream tasks scheduled from follow-on schedule check
[2026-03-26T01:36:37.109+0000] {local_task_job_runner.py:222} INFO - ::endgroup::
