[2026-03-26T03:36:38.878+0000] {local_task_job_runner.py:120} INFO - ::group::Pre task execution logs
[2026-03-26T03:36:38.915+0000] {taskinstance.py:2076} INFO - Dependencies all met for dep_context=non-requeueable deps ti=<TaskInstance: gold_mtg_pipeline.wait_silver manual__2026-03-26T03:36:36.889334+00:00 [queued]>
[2026-03-26T03:36:38.924+0000] {taskinstance.py:2076} INFO - Dependencies all met for dep_context=requeueable deps ti=<TaskInstance: gold_mtg_pipeline.wait_silver manual__2026-03-26T03:36:36.889334+00:00 [queued]>
[2026-03-26T03:36:38.925+0000] {taskinstance.py:2306} INFO - Starting attempt 1 of 3
[2026-03-26T03:36:38.938+0000] {taskinstance.py:2330} INFO - Executing <Task(ExternalTaskSensor): wait_silver> on 2026-03-26 03:36:36.889334+00:00
[2026-03-26T03:36:38.956+0000] {standard_task_runner.py:90} INFO - Running: ['airflow', 'tasks', 'run', 'gold_mtg_pipeline', 'wait_silver', 'manual__2026-03-26T03:36:36.889334+00:00', '--job-id', '168', '--raw', '--subdir', 'DAGS_FOLDER/dag_gold_mtg.py', '--cfg-path', '/tmp/tmp7lwy3p3t']
[2026-03-26T03:36:38.959+0000] {standard_task_runner.py:91} INFO - Job 168: Subtask wait_silver
[2026-03-26T03:36:38.957+0000] {logging_mixin.py:188} WARNING - /home/airflow/.local/lib/python3.12/site-packages/airflow/task/task_runner/standard_task_runner.py:61 DeprecationWarning: This process (pid=439) is multi-threaded, use of fork() may lead to deadlocks in the child.
[2026-03-26T03:36:38.960+0000] {standard_task_runner.py:63} INFO - Started process 441 to run task
[2026-03-26T03:36:39.014+0000] {task_command.py:426} INFO - Running <TaskInstance: gold_mtg_pipeline.wait_silver manual__2026-03-26T03:36:36.889334+00:00 [running]> on host 426c0d057d33
[2026-03-26T03:36:39.133+0000] {taskinstance.py:2648} INFO - Exporting env vars: AIRFLOW_CTX_DAG_OWNER='tiago' AIRFLOW_CTX_DAG_ID='gold_mtg_pipeline' AIRFLOW_CTX_TASK_ID='wait_silver' AIRFLOW_CTX_EXECUTION_DATE='2026-03-26T03:36:36.889334+00:00' AIRFLOW_CTX_TRY_NUMBER='1' AIRFLOW_CTX_DAG_RUN_ID='manual__2026-03-26T03:36:36.889334+00:00'
[2026-03-26T03:36:39.134+0000] {taskinstance.py:430} INFO - ::endgroup::
[2026-03-26T03:36:39.308+0000] {baseoperator.py:399} WARNING - ExternalTaskSensor.execute cannot be called outside TaskInstance!
[2026-03-26T03:36:39.308+0000] {external_task.py:274} INFO - Poking for DAG 'silver_mtg_pipeline' on 2026-03-26T03:36:36.889334+00:00 ... 
[2026-03-26T03:36:39.312+0000] {logging_mixin.py:188} WARNING - /home/airflow/.local/lib/python3.12/site-packages/airflow/utils/session.py:79 DeprecationWarning: This method is deprecated and will be removed in future.
[2026-03-26T03:37:09.322+0000] {external_task.py:274} INFO - Poking for DAG 'silver_mtg_pipeline' on 2026-03-26T03:36:36.889334+00:00 ... 
[2026-03-26T03:37:39.333+0000] {external_task.py:274} INFO - Poking for DAG 'silver_mtg_pipeline' on 2026-03-26T03:36:36.889334+00:00 ... 
[2026-03-26T03:38:09.347+0000] {external_task.py:274} INFO - Poking for DAG 'silver_mtg_pipeline' on 2026-03-26T03:36:36.889334+00:00 ... 
[2026-03-26T03:38:39.367+0000] {external_task.py:274} INFO - Poking for DAG 'silver_mtg_pipeline' on 2026-03-26T03:36:36.889334+00:00 ... 
[2026-03-26T03:39:09.376+0000] {external_task.py:274} INFO - Poking for DAG 'silver_mtg_pipeline' on 2026-03-26T03:36:36.889334+00:00 ... 
[2026-03-26T03:39:39.384+0000] {external_task.py:274} INFO - Poking for DAG 'silver_mtg_pipeline' on 2026-03-26T03:36:36.889334+00:00 ... 
[2026-03-26T03:39:45.086+0000] {local_task_job_runner.py:124} ERROR - Received SIGTERM. Terminating subprocesses
[2026-03-26T03:39:45.096+0000] {process_utils.py:132} INFO - Sending 15 to group 441. PIDs of all processes in the group: [441]
[2026-03-26T03:39:45.101+0000] {process_utils.py:87} INFO - Sending the signal 15 to group 441
[2026-03-26T03:39:45.107+0000] {taskinstance.py:2611} ERROR - Received SIGTERM. Terminating subprocesses.
[2026-03-26T03:39:45.109+0000] {taskinstance.py:441} INFO - ::group::Post task execution logs
[2026-03-26T03:39:45.315+0000] {process_utils.py:80} INFO - Process psutil.Process(pid=441, status='terminated', exitcode=0, started='03:36:38') (441) terminated with exit code 0
[2026-03-26T03:39:45.316+0000] {local_task_job_runner.py:240} INFO - Task exited with return code 143
[2026-03-26T03:39:45.356+0000] {dagrun.py:941} ERROR - Failed to get task for ti <TaskInstance: gold_mtg_pipeline.load_gold manual__2026-03-26T03:36:36.889334+00:00 [success]>. Marking it as removed.
[2026-03-26T03:39:45.361+0000] {dagrun.py:941} ERROR - Failed to get task for ti <TaskInstance: gold_mtg_pipeline.transform_gold manual__2026-03-26T03:36:36.889334+00:00 [success]>. Marking it as removed.
[2026-03-26T03:39:45.369+0000] {taskinstance.py:3498} INFO - 0 downstream tasks scheduled from follow-on schedule check
[2026-03-26T03:39:45.860+0000] {local_task_job_runner.py:222} INFO - ::endgroup::
