[2026-03-26T01:23:25.069+0000] {local_task_job_runner.py:120} INFO - ::group::Pre task execution logs
[2026-03-26T01:23:25.156+0000] {taskinstance.py:2076} INFO - Dependencies all met for dep_context=non-requeueable deps ti=<TaskInstance: silver_mtg_pipeline.wait_bronze scheduled__2026-03-26T00:30:00+00:00 [queued]>
[2026-03-26T01:23:25.175+0000] {taskinstance.py:2076} INFO - Dependencies all met for dep_context=requeueable deps ti=<TaskInstance: silver_mtg_pipeline.wait_bronze scheduled__2026-03-26T00:30:00+00:00 [queued]>
[2026-03-26T01:23:25.176+0000] {taskinstance.py:2306} INFO - Starting attempt 1 of 3
[2026-03-26T01:23:25.193+0000] {taskinstance.py:2330} INFO - Executing <Task(ExternalTaskSensor): wait_bronze> on 2026-03-26 00:30:00+00:00
[2026-03-26T01:23:25.206+0000] {logging_mixin.py:188} WARNING - /home/airflow/.local/lib/python3.12/site-packages/airflow/task/task_runner/standard_task_runner.py:61 DeprecationWarning: This process (pid=366) is multi-threaded, use of fork() may lead to deadlocks in the child.
[2026-03-26T01:23:25.208+0000] {standard_task_runner.py:63} INFO - Started process 368 to run task
[2026-03-26T01:23:25.210+0000] {standard_task_runner.py:90} INFO - Running: ['airflow', 'tasks', 'run', 'silver_mtg_pipeline', 'wait_bronze', 'scheduled__2026-03-26T00:30:00+00:00', '--job-id', '57', '--raw', '--subdir', 'DAGS_FOLDER/dag_silver_mtg.py', '--cfg-path', '/tmp/tmpezz_djrv']
[2026-03-26T01:23:25.212+0000] {standard_task_runner.py:91} INFO - Job 57: Subtask wait_bronze
[2026-03-26T01:23:25.275+0000] {task_command.py:426} INFO - Running <TaskInstance: silver_mtg_pipeline.wait_bronze scheduled__2026-03-26T00:30:00+00:00 [running]> on host d5dd30dd3575
[2026-03-26T01:23:25.407+0000] {taskinstance.py:2648} INFO - Exporting env vars: AIRFLOW_CTX_DAG_OWNER='tiago' AIRFLOW_CTX_DAG_ID='silver_mtg_pipeline' AIRFLOW_CTX_TASK_ID='wait_bronze' AIRFLOW_CTX_EXECUTION_DATE='2026-03-26T00:30:00+00:00' AIRFLOW_CTX_TRY_NUMBER='1' AIRFLOW_CTX_DAG_RUN_ID='scheduled__2026-03-26T00:30:00+00:00'
[2026-03-26T01:23:25.407+0000] {taskinstance.py:430} INFO - ::endgroup::
[2026-03-26T01:23:25.617+0000] {baseoperator.py:399} WARNING - ExternalTaskSensor.execute cannot be called outside TaskInstance!
[2026-03-26T01:23:25.617+0000] {external_task.py:274} INFO - Poking for DAG 'bronze_mtg_pipeline' on 2026-03-26T00:30:00+00:00 ... 
[2026-03-26T01:23:25.627+0000] {logging_mixin.py:188} WARNING - /home/airflow/.local/lib/python3.12/site-packages/airflow/utils/session.py:79 DeprecationWarning: This method is deprecated and will be removed in future.
[2026-03-26T01:23:25.650+0000] {base.py:294} INFO - Success criteria met. Exiting.
[2026-03-26T01:23:25.652+0000] {taskinstance.py:441} INFO - ::group::Post task execution logs
[2026-03-26T01:23:25.669+0000] {taskinstance.py:1206} INFO - Marking task as SUCCESS. dag_id=silver_mtg_pipeline, task_id=wait_bronze, run_id=scheduled__2026-03-26T00:30:00+00:00, execution_date=20260326T003000, start_date=20260326T012325, end_date=20260326T012325
[2026-03-26T01:23:25.727+0000] {local_task_job_runner.py:240} INFO - Task exited with return code 0
[2026-03-26T01:23:25.814+0000] {taskinstance.py:3498} INFO - 1 downstream tasks scheduled from follow-on schedule check
[2026-03-26T01:23:25.821+0000] {local_task_job_runner.py:222} INFO - ::endgroup::
