[2026-03-26T02:02:13.699+0000] {local_task_job_runner.py:120} INFO - ::group::Pre task execution logs
[2026-03-26T02:02:13.738+0000] {taskinstance.py:2076} INFO - Dependencies all met for dep_context=non-requeueable deps ti=<TaskInstance: silver_mtg_pipeline.wait_bronze scheduled__2026-03-26T01:30:00+00:00 [queued]>
[2026-03-26T02:02:13.753+0000] {taskinstance.py:2076} INFO - Dependencies all met for dep_context=requeueable deps ti=<TaskInstance: silver_mtg_pipeline.wait_bronze scheduled__2026-03-26T01:30:00+00:00 [queued]>
[2026-03-26T02:02:13.753+0000] {taskinstance.py:2306} INFO - Starting attempt 1 of 3
[2026-03-26T02:02:13.772+0000] {taskinstance.py:2330} INFO - Executing <Task(ExternalTaskSensor): wait_bronze> on 2026-03-26 01:30:00+00:00
[2026-03-26T02:02:13.800+0000] {standard_task_runner.py:90} INFO - Running: ['airflow', 'tasks', 'run', 'silver_mtg_pipeline', 'wait_bronze', 'scheduled__2026-03-26T01:30:00+00:00', '--job-id', '89', '--raw', '--subdir', 'DAGS_FOLDER/dag_silver_mtg.py', '--cfg-path', '/tmp/tmpbpvivemm']
[2026-03-26T02:02:13.803+0000] {standard_task_runner.py:91} INFO - Job 89: Subtask wait_bronze
[2026-03-26T02:02:13.814+0000] {logging_mixin.py:188} WARNING - /home/airflow/.local/lib/python3.12/site-packages/airflow/task/task_runner/standard_task_runner.py:61 DeprecationWarning: This process (pid=374) is multi-threaded, use of fork() may lead to deadlocks in the child.
[2026-03-26T02:02:13.815+0000] {standard_task_runner.py:63} INFO - Started process 380 to run task
[2026-03-26T02:02:13.860+0000] {task_command.py:426} INFO - Running <TaskInstance: silver_mtg_pipeline.wait_bronze scheduled__2026-03-26T01:30:00+00:00 [running]> on host b7022d180686
[2026-03-26T02:02:13.987+0000] {taskinstance.py:2648} INFO - Exporting env vars: AIRFLOW_CTX_DAG_OWNER='tiago' AIRFLOW_CTX_DAG_ID='silver_mtg_pipeline' AIRFLOW_CTX_TASK_ID='wait_bronze' AIRFLOW_CTX_EXECUTION_DATE='2026-03-26T01:30:00+00:00' AIRFLOW_CTX_TRY_NUMBER='1' AIRFLOW_CTX_DAG_RUN_ID='scheduled__2026-03-26T01:30:00+00:00'
[2026-03-26T02:02:13.988+0000] {taskinstance.py:430} INFO - ::endgroup::
[2026-03-26T02:02:14.151+0000] {baseoperator.py:399} WARNING - ExternalTaskSensor.execute cannot be called outside TaskInstance!
[2026-03-26T02:02:14.151+0000] {external_task.py:274} INFO - Poking for DAG 'bronze_mtg_pipeline' on 2026-03-26T01:30:00+00:00 ... 
[2026-03-26T02:02:14.156+0000] {logging_mixin.py:188} WARNING - /home/airflow/.local/lib/python3.12/site-packages/airflow/utils/session.py:79 DeprecationWarning: This method is deprecated and will be removed in future.
[2026-03-26T02:02:14.168+0000] {base.py:294} INFO - Success criteria met. Exiting.
[2026-03-26T02:02:14.169+0000] {taskinstance.py:441} INFO - ::group::Post task execution logs
[2026-03-26T02:02:14.180+0000] {taskinstance.py:1206} INFO - Marking task as SUCCESS. dag_id=silver_mtg_pipeline, task_id=wait_bronze, run_id=scheduled__2026-03-26T01:30:00+00:00, execution_date=20260326T013000, start_date=20260326T020213, end_date=20260326T020214
[2026-03-26T02:02:14.205+0000] {local_task_job_runner.py:240} INFO - Task exited with return code 0
[2026-03-26T02:02:14.238+0000] {taskinstance.py:3498} INFO - 0 downstream tasks scheduled from follow-on schedule check
[2026-03-26T02:02:14.248+0000] {local_task_job_runner.py:222} INFO - ::endgroup::
