[2026-03-26T02:45:46.308+0000] {local_task_job_runner.py:120} INFO - ::group::Pre task execution logs
[2026-03-26T02:45:46.351+0000] {taskinstance.py:2076} INFO - Dependencies all met for dep_context=non-requeueable deps ti=<TaskInstance: gold_mtg_pipeline.load_gold scheduled__2026-03-26T01:30:00+00:00 [queued]>
[2026-03-26T02:45:46.366+0000] {taskinstance.py:2076} INFO - Dependencies all met for dep_context=requeueable deps ti=<TaskInstance: gold_mtg_pipeline.load_gold scheduled__2026-03-26T01:30:00+00:00 [queued]>
[2026-03-26T02:45:46.367+0000] {taskinstance.py:2306} INFO - Starting attempt 1 of 3
[2026-03-26T02:45:46.386+0000] {taskinstance.py:2330} INFO - Executing <Task(PythonOperator): load_gold> on 2026-03-26 01:30:00+00:00
[2026-03-26T02:45:46.402+0000] {logging_mixin.py:188} WARNING - /home/airflow/.local/lib/python3.12/site-packages/airflow/task/task_runner/standard_task_runner.py:61 DeprecationWarning: This process (pid=441) is multi-threaded, use of fork() may lead to deadlocks in the child.
[2026-03-26T02:45:46.403+0000] {standard_task_runner.py:63} INFO - Started process 443 to run task
[2026-03-26T02:45:46.402+0000] {standard_task_runner.py:90} INFO - Running: ['airflow', 'tasks', 'run', 'gold_mtg_pipeline', 'load_gold', 'scheduled__2026-03-26T01:30:00+00:00', '--job-id', '122', '--raw', '--subdir', 'DAGS_FOLDER/dag_gold_mtg.py', '--cfg-path', '/tmp/tmpolisabaz']
[2026-03-26T02:45:46.406+0000] {standard_task_runner.py:91} INFO - Job 122: Subtask load_gold
[2026-03-26T02:45:46.476+0000] {task_command.py:426} INFO - Running <TaskInstance: gold_mtg_pipeline.load_gold scheduled__2026-03-26T01:30:00+00:00 [running]> on host 19376725ebfe
[2026-03-26T02:45:46.615+0000] {taskinstance.py:2648} INFO - Exporting env vars: AIRFLOW_CTX_DAG_OWNER='tiago' AIRFLOW_CTX_DAG_ID='gold_mtg_pipeline' AIRFLOW_CTX_TASK_ID='load_gold' AIRFLOW_CTX_EXECUTION_DATE='2026-03-26T01:30:00+00:00' AIRFLOW_CTX_TRY_NUMBER='1' AIRFLOW_CTX_DAG_RUN_ID='scheduled__2026-03-26T01:30:00+00:00'
[2026-03-26T02:45:46.619+0000] {taskinstance.py:430} INFO - ::endgroup::
[2026-03-26T02:45:46.861+0000] {taskinstance.py:441} INFO - ::group::Post task execution logs
[2026-03-26T02:45:46.862+0000] {taskinstance.py:2905} ERROR - Task failed with exception
Traceback (most recent call last):
  File "/home/airflow/.local/lib/python3.12/site-packages/airflow/models/taskinstance.py", line 465, in _execute_task
    result = _execute_callable(context=context, **execute_callable_kwargs)
             ^^^^^^^^^^^^^^^^^^^^^^^^^^^^^^^^^^^^^^^^^^^^^^^^^^^^^^^^^^^^^
  File "/home/airflow/.local/lib/python3.12/site-packages/airflow/models/taskinstance.py", line 432, in _execute_callable
    return execute_callable(context=context, **execute_callable_kwargs)
           ^^^^^^^^^^^^^^^^^^^^^^^^^^^^^^^^^^^^^^^^^^^^^^^^^^^^^^^^^^^^
  File "/home/airflow/.local/lib/python3.12/site-packages/airflow/models/baseoperator.py", line 400, in wrapper
    return func(self, *args, **kwargs)
           ^^^^^^^^^^^^^^^^^^^^^^^^^^^
  File "/home/airflow/.local/lib/python3.12/site-packages/airflow/operators/python.py", line 235, in execute
    return_value = self.execute_callable()
                   ^^^^^^^^^^^^^^^^^^^^^^^
  File "/home/airflow/.local/lib/python3.12/site-packages/airflow/operators/python.py", line 252, in execute_callable
    return self.python_callable(*self.op_args, **self.op_kwargs)
           ^^^^^^^^^^^^^^^^^^^^^^^^^^^^^^^^^^^^^^^^^^^^^^^^^^^^^
  File "/opt/airflow/src/load/load_gold_postgres.py", line 5, in load_gold
    cur = conn.cursor()
          ^^^^^^^^^^^
AttributeError: 'Engine' object has no attribute 'cursor'
[2026-03-26T02:45:46.876+0000] {taskinstance.py:1206} INFO - Marking task as UP_FOR_RETRY. dag_id=gold_mtg_pipeline, task_id=load_gold, run_id=scheduled__2026-03-26T01:30:00+00:00, execution_date=20260326T013000, start_date=20260326T024546, end_date=20260326T024546
[2026-03-26T02:45:46.898+0000] {standard_task_runner.py:110} ERROR - Failed to execute job 122 for task load_gold ('Engine' object has no attribute 'cursor'; 443)
[2026-03-26T02:45:46.956+0000] {local_task_job_runner.py:240} INFO - Task exited with return code 1
[2026-03-26T02:45:46.991+0000] {taskinstance.py:3498} INFO - 0 downstream tasks scheduled from follow-on schedule check
[2026-03-26T02:45:46.994+0000] {local_task_job_runner.py:222} INFO - ::endgroup::
