[2026-03-26T01:25:05.969+0000] {local_task_job_runner.py:120} INFO - ::group::Pre task execution logs
[2026-03-26T01:25:06.035+0000] {taskinstance.py:2076} INFO - Dependencies all met for dep_context=non-requeueable deps ti=<TaskInstance: gold_mtg_pipeline.wait_silver manual__2026-03-26T01:25:04.915186+00:00 [queued]>
[2026-03-26T01:25:06.048+0000] {taskinstance.py:2076} INFO - Dependencies all met for dep_context=requeueable deps ti=<TaskInstance: gold_mtg_pipeline.wait_silver manual__2026-03-26T01:25:04.915186+00:00 [queued]>
[2026-03-26T01:25:06.048+0000] {taskinstance.py:2306} INFO - Starting attempt 1 of 3
[2026-03-26T01:25:06.073+0000] {taskinstance.py:2330} INFO - Executing <Task(ExternalTaskSensor): wait_silver> on 2026-03-26 01:25:04.915186+00:00
[2026-03-26T01:25:06.090+0000] {logging_mixin.py:188} WARNING - /home/airflow/.local/lib/python3.12/site-packages/airflow/task/task_runner/standard_task_runner.py:61 DeprecationWarning: This process (pid=457) is multi-threaded, use of fork() may lead to deadlocks in the child.
[2026-03-26T01:25:06.091+0000] {standard_task_runner.py:63} INFO - Started process 459 to run task
[2026-03-26T01:25:06.088+0000] {standard_task_runner.py:90} INFO - Running: ['airflow', 'tasks', 'run', 'gold_mtg_pipeline', 'wait_silver', 'manual__2026-03-26T01:25:04.915186+00:00', '--job-id', '64', '--raw', '--subdir', 'DAGS_FOLDER/dag_gold_mtg.py', '--cfg-path', '/tmp/tmpyyt1hlnh']
[2026-03-26T01:25:06.096+0000] {standard_task_runner.py:91} INFO - Job 64: Subtask wait_silver
[2026-03-26T01:25:06.180+0000] {task_command.py:426} INFO - Running <TaskInstance: gold_mtg_pipeline.wait_silver manual__2026-03-26T01:25:04.915186+00:00 [running]> on host d5dd30dd3575
[2026-03-26T01:25:06.313+0000] {taskinstance.py:2648} INFO - Exporting env vars: AIRFLOW_CTX_DAG_OWNER='tiago' AIRFLOW_CTX_DAG_ID='gold_mtg_pipeline' AIRFLOW_CTX_TASK_ID='wait_silver' AIRFLOW_CTX_EXECUTION_DATE='2026-03-26T01:25:04.915186+00:00' AIRFLOW_CTX_TRY_NUMBER='1' AIRFLOW_CTX_DAG_RUN_ID='manual__2026-03-26T01:25:04.915186+00:00'
[2026-03-26T01:25:06.314+0000] {taskinstance.py:430} INFO - ::endgroup::
[2026-03-26T01:25:06.497+0000] {baseoperator.py:399} WARNING - ExternalTaskSensor.execute cannot be called outside TaskInstance!
[2026-03-26T01:25:06.498+0000] {external_task.py:274} INFO - Poking for DAG 'silver_mtg_pipeline' on 2026-03-26T01:25:04.915186+00:00 ... 
[2026-03-26T01:25:06.502+0000] {logging_mixin.py:188} WARNING - /home/airflow/.local/lib/python3.12/site-packages/airflow/utils/session.py:79 DeprecationWarning: This method is deprecated and will be removed in future.
[2026-03-26T01:25:36.511+0000] {external_task.py:274} INFO - Poking for DAG 'silver_mtg_pipeline' on 2026-03-26T01:25:04.915186+00:00 ... 
[2026-03-26T01:26:06.522+0000] {external_task.py:274} INFO - Poking for DAG 'silver_mtg_pipeline' on 2026-03-26T01:25:04.915186+00:00 ... 
[2026-03-26T01:26:36.534+0000] {external_task.py:274} INFO - Poking for DAG 'silver_mtg_pipeline' on 2026-03-26T01:25:04.915186+00:00 ... 
[2026-03-26T01:27:06.542+0000] {external_task.py:274} INFO - Poking for DAG 'silver_mtg_pipeline' on 2026-03-26T01:25:04.915186+00:00 ... 
[2026-03-26T01:27:36.576+0000] {external_task.py:274} INFO - Poking for DAG 'silver_mtg_pipeline' on 2026-03-26T01:25:04.915186+00:00 ... 
[2026-03-26T01:28:06.611+0000] {external_task.py:274} INFO - Poking for DAG 'silver_mtg_pipeline' on 2026-03-26T01:25:04.915186+00:00 ... 
[2026-03-26T01:28:36.620+0000] {external_task.py:274} INFO - Poking for DAG 'silver_mtg_pipeline' on 2026-03-26T01:25:04.915186+00:00 ... 
[2026-03-26T01:29:06.633+0000] {external_task.py:274} INFO - Poking for DAG 'silver_mtg_pipeline' on 2026-03-26T01:25:04.915186+00:00 ... 
[2026-03-26T01:29:36.643+0000] {external_task.py:274} INFO - Poking for DAG 'silver_mtg_pipeline' on 2026-03-26T01:25:04.915186+00:00 ... 
[2026-03-26T01:30:06.657+0000] {external_task.py:274} INFO - Poking for DAG 'silver_mtg_pipeline' on 2026-03-26T01:25:04.915186+00:00 ... 
[2026-03-26T01:30:36.671+0000] {external_task.py:274} INFO - Poking for DAG 'silver_mtg_pipeline' on 2026-03-26T01:25:04.915186+00:00 ... 
[2026-03-26T01:31:06.681+0000] {external_task.py:274} INFO - Poking for DAG 'silver_mtg_pipeline' on 2026-03-26T01:25:04.915186+00:00 ... 
[2026-03-26T01:31:36.691+0000] {external_task.py:274} INFO - Poking for DAG 'silver_mtg_pipeline' on 2026-03-26T01:25:04.915186+00:00 ... 
[2026-03-26T01:32:06.700+0000] {external_task.py:274} INFO - Poking for DAG 'silver_mtg_pipeline' on 2026-03-26T01:25:04.915186+00:00 ... 
[2026-03-26T01:32:36.708+0000] {external_task.py:274} INFO - Poking for DAG 'silver_mtg_pipeline' on 2026-03-26T01:25:04.915186+00:00 ... 
[2026-03-26T01:33:06.724+0000] {external_task.py:274} INFO - Poking for DAG 'silver_mtg_pipeline' on 2026-03-26T01:25:04.915186+00:00 ... 
[2026-03-26T01:33:36.740+0000] {external_task.py:274} INFO - Poking for DAG 'silver_mtg_pipeline' on 2026-03-26T01:25:04.915186+00:00 ... 
[2026-03-26T01:34:06.762+0000] {external_task.py:274} INFO - Poking for DAG 'silver_mtg_pipeline' on 2026-03-26T01:25:04.915186+00:00 ... 
[2026-03-26T01:34:36.772+0000] {external_task.py:274} INFO - Poking for DAG 'silver_mtg_pipeline' on 2026-03-26T01:25:04.915186+00:00 ... 
[2026-03-26T01:35:06.784+0000] {external_task.py:274} INFO - Poking for DAG 'silver_mtg_pipeline' on 2026-03-26T01:25:04.915186+00:00 ... 
[2026-03-26T01:35:06.793+0000] {taskinstance.py:441} INFO - ::group::Post task execution logs
[2026-03-26T01:35:06.793+0000] {taskinstance.py:2905} ERROR - Task failed with exception
Traceback (most recent call last):
  File "/home/airflow/.local/lib/python3.12/site-packages/airflow/models/taskinstance.py", line 465, in _execute_task
    result = _execute_callable(context=context, **execute_callable_kwargs)
             ^^^^^^^^^^^^^^^^^^^^^^^^^^^^^^^^^^^^^^^^^^^^^^^^^^^^^^^^^^^^^
  File "/home/airflow/.local/lib/python3.12/site-packages/airflow/models/taskinstance.py", line 432, in _execute_callable
    return execute_callable(context=context, **execute_callable_kwargs)
           ^^^^^^^^^^^^^^^^^^^^^^^^^^^^^^^^^^^^^^^^^^^^^^^^^^^^^^^^^^^^
  File "/home/airflow/.local/lib/python3.12/site-packages/airflow/models/baseoperator.py", line 400, in wrapper
    return func(self, *args, **kwargs)
           ^^^^^^^^^^^^^^^^^^^^^^^^^^^
  File "/home/airflow/.local/lib/python3.12/site-packages/airflow/sensors/external_task.py", line 348, in execute
    super().execute(context)
  File "/home/airflow/.local/lib/python3.12/site-packages/airflow/models/baseoperator.py", line 400, in wrapper
    return func(self, *args, **kwargs)
           ^^^^^^^^^^^^^^^^^^^^^^^^^^^
  File "/home/airflow/.local/lib/python3.12/site-packages/airflow/sensors/base.py", line 281, in execute
    raise AirflowSensorTimeout(message)
airflow.exceptions.AirflowSensorTimeout: Sensor has timed out; run duration of 600.2949329060002 seconds exceeds the specified timeout of 600.0.
[2026-03-26T01:35:06.806+0000] {taskinstance.py:1206} INFO - Immediate failure requested. Marking task as FAILED. dag_id=gold_mtg_pipeline, task_id=wait_silver, run_id=manual__2026-03-26T01:25:04.915186+00:00, execution_date=20260326T012504, start_date=20260326T012506, end_date=20260326T013506
[2026-03-26T01:35:06.821+0000] {standard_task_runner.py:110} ERROR - Failed to execute job 64 for task wait_silver (Sensor has timed out; run duration of 600.2949329060002 seconds exceeds the specified timeout of 600.0.; 459)
[2026-03-26T01:35:06.939+0000] {local_task_job_runner.py:240} INFO - Task exited with return code 1
[2026-03-26T01:35:06.972+0000] {taskinstance.py:3498} INFO - 0 downstream tasks scheduled from follow-on schedule check
[2026-03-26T01:35:06.977+0000] {local_task_job_runner.py:222} INFO - ::endgroup::
