[2026-03-26T02:09:54.405+0000] {local_task_job_runner.py:120} INFO - ::group::Pre task execution logs
[2026-03-26T02:09:54.458+0000] {taskinstance.py:2076} INFO - Dependencies all met for dep_context=non-requeueable deps ti=<TaskInstance: gold_mtg_pipeline.wait_silver manual__2026-03-26T02:09:52.537135+00:00 [queued]>
[2026-03-26T02:09:54.471+0000] {taskinstance.py:2076} INFO - Dependencies all met for dep_context=requeueable deps ti=<TaskInstance: gold_mtg_pipeline.wait_silver manual__2026-03-26T02:09:52.537135+00:00 [queued]>
[2026-03-26T02:09:54.472+0000] {taskinstance.py:2306} INFO - Starting attempt 1 of 3
[2026-03-26T02:09:54.499+0000] {taskinstance.py:2330} INFO - Executing <Task(ExternalTaskSensor): wait_silver> on 2026-03-26 02:09:52.537135+00:00
[2026-03-26T02:09:54.518+0000] {standard_task_runner.py:90} INFO - Running: ['airflow', 'tasks', 'run', 'gold_mtg_pipeline', 'wait_silver', 'manual__2026-03-26T02:09:52.537135+00:00', '--job-id', '96', '--raw', '--subdir', 'DAGS_FOLDER/dag_gold_mtg.py', '--cfg-path', '/tmp/tmp2ph9k4td']
[2026-03-26T02:09:54.522+0000] {standard_task_runner.py:91} INFO - Job 96: Subtask wait_silver
[2026-03-26T02:09:54.525+0000] {logging_mixin.py:188} WARNING - /home/airflow/.local/lib/python3.12/site-packages/airflow/task/task_runner/standard_task_runner.py:61 DeprecationWarning: This process (pid=252) is multi-threaded, use of fork() may lead to deadlocks in the child.
[2026-03-26T02:09:54.527+0000] {standard_task_runner.py:63} INFO - Started process 254 to run task
[2026-03-26T02:09:54.618+0000] {task_command.py:426} INFO - Running <TaskInstance: gold_mtg_pipeline.wait_silver manual__2026-03-26T02:09:52.537135+00:00 [running]> on host f1086791f604
[2026-03-26T02:09:54.769+0000] {taskinstance.py:2648} INFO - Exporting env vars: AIRFLOW_CTX_DAG_OWNER='tiago' AIRFLOW_CTX_DAG_ID='gold_mtg_pipeline' AIRFLOW_CTX_TASK_ID='wait_silver' AIRFLOW_CTX_EXECUTION_DATE='2026-03-26T02:09:52.537135+00:00' AIRFLOW_CTX_TRY_NUMBER='1' AIRFLOW_CTX_DAG_RUN_ID='manual__2026-03-26T02:09:52.537135+00:00'
[2026-03-26T02:09:54.770+0000] {taskinstance.py:430} INFO - ::endgroup::
[2026-03-26T02:09:54.981+0000] {baseoperator.py:399} WARNING - ExternalTaskSensor.execute cannot be called outside TaskInstance!
[2026-03-26T02:09:54.982+0000] {external_task.py:274} INFO - Poking for DAG 'silver_mtg_pipeline' on 2026-03-26T02:09:52.537135+00:00 ... 
[2026-03-26T02:09:54.986+0000] {logging_mixin.py:188} WARNING - /home/airflow/.local/lib/python3.12/site-packages/airflow/utils/session.py:79 DeprecationWarning: This method is deprecated and will be removed in future.
[2026-03-26T02:10:24.997+0000] {external_task.py:274} INFO - Poking for DAG 'silver_mtg_pipeline' on 2026-03-26T02:09:52.537135+00:00 ... 
[2026-03-26T02:10:55.017+0000] {external_task.py:274} INFO - Poking for DAG 'silver_mtg_pipeline' on 2026-03-26T02:09:52.537135+00:00 ... 
[2026-03-26T02:11:25.034+0000] {external_task.py:274} INFO - Poking for DAG 'silver_mtg_pipeline' on 2026-03-26T02:09:52.537135+00:00 ... 
[2026-03-26T02:11:55.054+0000] {external_task.py:274} INFO - Poking for DAG 'silver_mtg_pipeline' on 2026-03-26T02:09:52.537135+00:00 ... 
[2026-03-26T02:12:25.066+0000] {external_task.py:274} INFO - Poking for DAG 'silver_mtg_pipeline' on 2026-03-26T02:09:52.537135+00:00 ... 
[2026-03-26T02:12:55.076+0000] {external_task.py:274} INFO - Poking for DAG 'silver_mtg_pipeline' on 2026-03-26T02:09:52.537135+00:00 ... 
[2026-03-26T02:13:25.096+0000] {external_task.py:274} INFO - Poking for DAG 'silver_mtg_pipeline' on 2026-03-26T02:09:52.537135+00:00 ... 
[2026-03-26T02:13:26.585+0000] {local_task_job_runner.py:310} WARNING - State of this instance has been externally set to None. Terminating instance.
[2026-03-26T02:13:26.587+0000] {local_task_job_runner.py:222} INFO - ::endgroup::
[2026-03-26T02:13:26.592+0000] {process_utils.py:132} INFO - Sending 15 to group 254. PIDs of all processes in the group: [254]
[2026-03-26T02:13:26.592+0000] {process_utils.py:87} INFO - Sending the signal 15 to group 254
[2026-03-26T02:13:26.593+0000] {taskinstance.py:2611} ERROR - Received SIGTERM. Terminating subprocesses.
[2026-03-26T02:13:26.593+0000] {taskinstance.py:441} INFO - ::group::Post task execution logs
[2026-03-26T02:13:26.604+0000] {taskinstance.py:2905} ERROR - Task failed with exception
Traceback (most recent call last):
  File "/home/airflow/.local/lib/python3.12/site-packages/airflow/models/taskinstance.py", line 465, in _execute_task
    result = _execute_callable(context=context, **execute_callable_kwargs)
             ^^^^^^^^^^^^^^^^^^^^^^^^^^^^^^^^^^^^^^^^^^^^^^^^^^^^^^^^^^^^^
  File "/home/airflow/.local/lib/python3.12/site-packages/airflow/models/taskinstance.py", line 432, in _execute_callable
    return execute_callable(context=context, **execute_callable_kwargs)
           ^^^^^^^^^^^^^^^^^^^^^^^^^^^^^^^^^^^^^^^^^^^^^^^^^^^^^^^^^^^^
  File "/home/airflow/.local/lib/python3.12/site-packages/airflow/models/baseoperator.py", line 400, in wrapper
    return func(self, *args, **kwargs)
           ^^^^^^^^^^^^^^^^^^^^^^^^^^^
  File "/home/airflow/.local/lib/python3.12/site-packages/airflow/sensors/external_task.py", line 348, in execute
    super().execute(context)
  File "/home/airflow/.local/lib/python3.12/site-packages/airflow/models/baseoperator.py", line 400, in wrapper
    return func(self, *args, **kwargs)
           ^^^^^^^^^^^^^^^^^^^^^^^^^^^
  File "/home/airflow/.local/lib/python3.12/site-packages/airflow/sensors/base.py", line 292, in execute
    time.sleep(self._get_next_poke_interval(started_at, run_duration, try_number))
  File "/home/airflow/.local/lib/python3.12/site-packages/airflow/models/taskinstance.py", line 2613, in signal_handler
    raise AirflowTaskTerminated("Task received SIGTERM signal")
airflow.exceptions.AirflowTaskTerminated: Task received SIGTERM signal
[2026-03-26T02:13:26.612+0000] {taskinstance.py:1206} INFO - Marking task as UP_FOR_RETRY. dag_id=gold_mtg_pipeline, task_id=wait_silver, run_id=manual__2026-03-26T02:09:52.537135+00:00, execution_date=20260326T020952, start_date=20260326T020954, end_date=20260326T021326
[2026-03-26T02:13:26.638+0000] {standard_task_runner.py:110} ERROR - Failed to execute job 96 for task wait_silver ((psycopg2.errors.ForeignKeyViolation) insert or update on table "task_fail" violates foreign key constraint "task_fail_ti_fkey"
DETAIL:  Key (dag_id, task_id, run_id, map_index)=(gold_mtg_pipeline, wait_silver, manual__2026-03-26T02:09:52.537135+00:00, -1) is not present in table "task_instance".

[SQL: INSERT INTO task_fail (task_id, dag_id, run_id, map_index, start_date, end_date, duration) VALUES (%(task_id)s, %(dag_id)s, %(run_id)s, %(map_index)s, %(start_date)s, %(end_date)s, %(duration)s) RETURNING task_fail.id]
[parameters: {'task_id': 'wait_silver', 'dag_id': 'gold_mtg_pipeline', 'run_id': 'manual__2026-03-26T02:09:52.537135+00:00', 'map_index': -1, 'start_date': datetime.datetime(2026, 3, 26, 2, 9, 54, 458630, tzinfo=Timezone('UTC')), 'end_date': datetime.datetime(2026, 3, 26, 2, 13, 26, 612224, tzinfo=Timezone('UTC')), 'duration': 212}]
(Background on this error at: https://sqlalche.me/e/14/gkpj); 254)
[2026-03-26T02:13:26.695+0000] {process_utils.py:80} INFO - Process psutil.Process(pid=254, status='terminated', exitcode=1, started='02:09:54') (254) terminated with exit code 1
