[2026-03-26T00:30:02.112+0000] {local_task_job_runner.py:120} INFO - ::group::Pre task execution logs
[2026-03-26T00:30:02.244+0000] {taskinstance.py:2076} INFO - Dependencies all met for dep_context=non-requeueable deps ti=<TaskInstance: silver_mtg_pipeline.wait_bronze scheduled__2026-03-26T00:00:00+00:00 [queued]>
[2026-03-26T00:30:02.276+0000] {taskinstance.py:2076} INFO - Dependencies all met for dep_context=requeueable deps ti=<TaskInstance: silver_mtg_pipeline.wait_bronze scheduled__2026-03-26T00:00:00+00:00 [queued]>
[2026-03-26T00:30:02.279+0000] {taskinstance.py:2306} INFO - Starting attempt 1 of 3
[2026-03-26T00:30:02.346+0000] {taskinstance.py:2330} INFO - Executing <Task(ExternalTaskSensor): wait_bronze> on 2026-03-26 00:00:00+00:00
[2026-03-26T00:30:02.377+0000] {logging_mixin.py:188} WARNING - /home/airflow/.local/lib/python3.12/site-packages/airflow/task/task_runner/standard_task_runner.py:61 DeprecationWarning: This process (pid=171) is multi-threaded, use of fork() may lead to deadlocks in the child.
[2026-03-26T00:30:02.385+0000] {standard_task_runner.py:63} INFO - Started process 179 to run task
[2026-03-26T00:30:02.377+0000] {standard_task_runner.py:90} INFO - Running: ['airflow', 'tasks', 'run', 'silver_mtg_pipeline', 'wait_bronze', 'scheduled__2026-03-26T00:00:00+00:00', '--job-id', '43', '--raw', '--subdir', 'DAGS_FOLDER/dag_silver_mtg.py', '--cfg-path', '/tmp/tmp4xguagsk']
[2026-03-26T00:30:02.397+0000] {standard_task_runner.py:91} INFO - Job 43: Subtask wait_bronze
[2026-03-26T00:30:02.542+0000] {task_command.py:426} INFO - Running <TaskInstance: silver_mtg_pipeline.wait_bronze scheduled__2026-03-26T00:00:00+00:00 [running]> on host 8f8573e1bd72
[2026-03-26T00:30:02.764+0000] {taskinstance.py:2648} INFO - Exporting env vars: AIRFLOW_CTX_DAG_OWNER='tiago' AIRFLOW_CTX_DAG_ID='silver_mtg_pipeline' AIRFLOW_CTX_TASK_ID='wait_bronze' AIRFLOW_CTX_EXECUTION_DATE='2026-03-26T00:00:00+00:00' AIRFLOW_CTX_TRY_NUMBER='1' AIRFLOW_CTX_DAG_RUN_ID='scheduled__2026-03-26T00:00:00+00:00'
[2026-03-26T00:30:02.766+0000] {taskinstance.py:430} INFO - ::endgroup::
[2026-03-26T00:30:03.129+0000] {baseoperator.py:399} WARNING - ExternalTaskSensor.execute cannot be called outside TaskInstance!
[2026-03-26T00:30:03.129+0000] {external_task.py:274} INFO - Poking for DAG 'bronze_mtg_pipeline' on 2026-03-26T00:00:00+00:00 ... 
[2026-03-26T00:30:03.140+0000] {logging_mixin.py:188} WARNING - /home/airflow/.local/lib/python3.12/site-packages/airflow/utils/session.py:79 DeprecationWarning: This method is deprecated and will be removed in future.
[2026-03-26T00:31:03.169+0000] {external_task.py:274} INFO - Poking for DAG 'bronze_mtg_pipeline' on 2026-03-26T00:00:00+00:00 ... 
[2026-03-26T00:31:03.178+0000] {base.py:294} INFO - Success criteria met. Exiting.
[2026-03-26T00:31:03.179+0000] {taskinstance.py:441} INFO - ::group::Post task execution logs
[2026-03-26T00:31:03.189+0000] {taskinstance.py:1206} INFO - Marking task as SUCCESS. dag_id=silver_mtg_pipeline, task_id=wait_bronze, run_id=scheduled__2026-03-26T00:00:00+00:00, execution_date=20260326T000000, start_date=20260326T003002, end_date=20260326T003103
[2026-03-26T00:31:03.243+0000] {local_task_job_runner.py:240} INFO - Task exited with return code 0
[2026-03-26T00:31:03.280+0000] {taskinstance.py:3498} INFO - 1 downstream tasks scheduled from follow-on schedule check
[2026-03-26T00:31:03.282+0000] {local_task_job_runner.py:222} INFO - ::endgroup::
