[2026-03-26T02:03:49.206+0000] {local_task_job_runner.py:120} INFO - ::group::Pre task execution logs
[2026-03-26T02:03:49.249+0000] {taskinstance.py:2076} INFO - Dependencies all met for dep_context=non-requeueable deps ti=<TaskInstance: gold_mtg_pipeline.wait_silver manual__2026-03-26T01:44:24.566784+00:00 [queued]>
[2026-03-26T02:03:49.261+0000] {taskinstance.py:2076} INFO - Dependencies all met for dep_context=requeueable deps ti=<TaskInstance: gold_mtg_pipeline.wait_silver manual__2026-03-26T01:44:24.566784+00:00 [queued]>
[2026-03-26T02:03:49.261+0000] {taskinstance.py:2306} INFO - Starting attempt 3 of 3
[2026-03-26T02:03:49.278+0000] {taskinstance.py:2330} INFO - Executing <Task(ExternalTaskSensor): wait_silver> on 2026-03-26 01:44:24.566784+00:00
[2026-03-26T02:03:49.300+0000] {logging_mixin.py:188} WARNING - /home/airflow/.local/lib/python3.12/site-packages/airflow/task/task_runner/standard_task_runner.py:61 DeprecationWarning: This process (pid=447) is multi-threaded, use of fork() may lead to deadlocks in the child.
[2026-03-26T02:03:49.301+0000] {standard_task_runner.py:63} INFO - Started process 452 to run task
[2026-03-26T02:03:49.302+0000] {standard_task_runner.py:90} INFO - Running: ['airflow', 'tasks', 'run', 'gold_mtg_pipeline', 'wait_silver', 'manual__2026-03-26T01:44:24.566784+00:00', '--job-id', '92', '--raw', '--subdir', 'DAGS_FOLDER/dag_gold_mtg.py', '--cfg-path', '/tmp/tmpkfkb5uuf']
[2026-03-26T02:03:49.306+0000] {standard_task_runner.py:91} INFO - Job 92: Subtask wait_silver
[2026-03-26T02:03:49.378+0000] {task_command.py:426} INFO - Running <TaskInstance: gold_mtg_pipeline.wait_silver manual__2026-03-26T01:44:24.566784+00:00 [running]> on host b7022d180686
[2026-03-26T02:03:49.486+0000] {taskinstance.py:2648} INFO - Exporting env vars: AIRFLOW_CTX_DAG_OWNER='tiago' AIRFLOW_CTX_DAG_ID='gold_mtg_pipeline' AIRFLOW_CTX_TASK_ID='wait_silver' AIRFLOW_CTX_EXECUTION_DATE='2026-03-26T01:44:24.566784+00:00' AIRFLOW_CTX_TRY_NUMBER='3' AIRFLOW_CTX_DAG_RUN_ID='manual__2026-03-26T01:44:24.566784+00:00'
[2026-03-26T02:03:49.487+0000] {taskinstance.py:430} INFO - ::endgroup::
[2026-03-26T02:03:49.683+0000] {baseoperator.py:399} WARNING - ExternalTaskSensor.execute cannot be called outside TaskInstance!
[2026-03-26T02:03:49.684+0000] {external_task.py:274} INFO - Poking for DAG 'silver_mtg_pipeline' on 2026-03-26T01:44:24.566784+00:00 ... 
[2026-03-26T02:03:49.687+0000] {logging_mixin.py:188} WARNING - /home/airflow/.local/lib/python3.12/site-packages/airflow/utils/session.py:79 DeprecationWarning: This method is deprecated and will be removed in future.
[2026-03-26T02:03:54.979+0000] {local_task_job_runner.py:124} ERROR - Received SIGTERM. Terminating subprocesses
[2026-03-26T02:03:55.013+0000] {process_utils.py:132} INFO - Sending 15 to group 452. PIDs of all processes in the group: [452]
[2026-03-26T02:03:55.014+0000] {process_utils.py:87} INFO - Sending the signal 15 to group 452
[2026-03-26T02:03:55.028+0000] {taskinstance.py:2611} ERROR - Received SIGTERM. Terminating subprocesses.
[2026-03-26T02:03:55.029+0000] {taskinstance.py:441} INFO - ::group::Post task execution logs
[2026-03-26T02:03:55.160+0000] {taskinstance.py:2905} ERROR - Task failed with exception
Traceback (most recent call last):
  File "/home/airflow/.local/lib/python3.12/site-packages/airflow/models/taskinstance.py", line 465, in _execute_task
    result = _execute_callable(context=context, **execute_callable_kwargs)
             ^^^^^^^^^^^^^^^^^^^^^^^^^^^^^^^^^^^^^^^^^^^^^^^^^^^^^^^^^^^^^
  File "/home/airflow/.local/lib/python3.12/site-packages/airflow/models/taskinstance.py", line 432, in _execute_callable
    return execute_callable(context=context, **execute_callable_kwargs)
           ^^^^^^^^^^^^^^^^^^^^^^^^^^^^^^^^^^^^^^^^^^^^^^^^^^^^^^^^^^^^
  File "/home/airflow/.local/lib/python3.12/site-packages/airflow/models/baseoperator.py", line 400, in wrapper
    return func(self, *args, **kwargs)
           ^^^^^^^^^^^^^^^^^^^^^^^^^^^
  File "/home/airflow/.local/lib/python3.12/site-packages/airflow/sensors/external_task.py", line 348, in execute
    super().execute(context)
  File "/home/airflow/.local/lib/python3.12/site-packages/airflow/models/baseoperator.py", line 400, in wrapper
    return func(self, *args, **kwargs)
           ^^^^^^^^^^^^^^^^^^^^^^^^^^^
  File "/home/airflow/.local/lib/python3.12/site-packages/airflow/sensors/base.py", line 292, in execute
    time.sleep(self._get_next_poke_interval(started_at, run_duration, try_number))
  File "/home/airflow/.local/lib/python3.12/site-packages/airflow/models/taskinstance.py", line 2613, in signal_handler
    raise AirflowTaskTerminated("Task received SIGTERM signal")
airflow.exceptions.AirflowTaskTerminated: Task received SIGTERM signal
[2026-03-26T02:03:55.232+0000] {taskinstance.py:1206} INFO - Marking task as FAILED. dag_id=gold_mtg_pipeline, task_id=wait_silver, run_id=manual__2026-03-26T01:44:24.566784+00:00, execution_date=20260326T014424, start_date=20260326T020349, end_date=20260326T020355
[2026-03-26T02:03:55.327+0000] {process_utils.py:80} INFO - Process psutil.Process(pid=452, status='terminated', exitcode=2, started='02:03:49') (452) terminated with exit code 2
[2026-03-26T02:03:55.328+0000] {local_task_job_runner.py:240} INFO - Task exited with return code 143
[2026-03-26T02:03:55.392+0000] {taskinstance.py:3498} INFO - 0 downstream tasks scheduled from follow-on schedule check
