[2026-03-26T03:05:37.914+0000] {local_task_job_runner.py:120} INFO - ::group::Pre task execution logs
[2026-03-26T03:05:37.976+0000] {taskinstance.py:2076} INFO - Dependencies all met for dep_context=non-requeueable deps ti=<TaskInstance: gold_mtg_pipeline.wait_silver scheduled__2026-03-26T02:30:00+00:00 [queued]>
[2026-03-26T03:05:37.993+0000] {taskinstance.py:2076} INFO - Dependencies all met for dep_context=requeueable deps ti=<TaskInstance: gold_mtg_pipeline.wait_silver scheduled__2026-03-26T02:30:00+00:00 [queued]>
[2026-03-26T03:05:37.994+0000] {taskinstance.py:2306} INFO - Starting attempt 1 of 3
[2026-03-26T03:05:38.022+0000] {taskinstance.py:2330} INFO - Executing <Task(ExternalTaskSensor): wait_silver> on 2026-03-26 02:30:00+00:00
[2026-03-26T03:05:38.044+0000] {standard_task_runner.py:90} INFO - Running: ['airflow', 'tasks', 'run', 'gold_mtg_pipeline', 'wait_silver', 'scheduled__2026-03-26T02:30:00+00:00', '--job-id', '131', '--raw', '--subdir', 'DAGS_FOLDER/dag_gold_mtg.py', '--cfg-path', '/tmp/tmpc7yxk6l2']
[2026-03-26T03:05:38.052+0000] {standard_task_runner.py:91} INFO - Job 131: Subtask wait_silver
[2026-03-26T03:05:38.055+0000] {logging_mixin.py:188} WARNING - /home/airflow/.local/lib/python3.12/site-packages/airflow/task/task_runner/standard_task_runner.py:61 DeprecationWarning: This process (pid=1185) is multi-threaded, use of fork() may lead to deadlocks in the child.
[2026-03-26T03:05:38.057+0000] {standard_task_runner.py:63} INFO - Started process 1188 to run task
[2026-03-26T03:05:38.181+0000] {task_command.py:426} INFO - Running <TaskInstance: gold_mtg_pipeline.wait_silver scheduled__2026-03-26T02:30:00+00:00 [running]> on host 19376725ebfe
[2026-03-26T03:05:38.397+0000] {taskinstance.py:2648} INFO - Exporting env vars: AIRFLOW_CTX_DAG_OWNER='tiago' AIRFLOW_CTX_DAG_ID='gold_mtg_pipeline' AIRFLOW_CTX_TASK_ID='wait_silver' AIRFLOW_CTX_EXECUTION_DATE='2026-03-26T02:30:00+00:00' AIRFLOW_CTX_TRY_NUMBER='1' AIRFLOW_CTX_DAG_RUN_ID='scheduled__2026-03-26T02:30:00+00:00'
[2026-03-26T03:05:38.398+0000] {taskinstance.py:430} INFO - ::endgroup::
[2026-03-26T03:05:38.638+0000] {baseoperator.py:399} WARNING - ExternalTaskSensor.execute cannot be called outside TaskInstance!
[2026-03-26T03:05:38.639+0000] {external_task.py:274} INFO - Poking for DAG 'silver_mtg_pipeline' on 2026-03-26T02:30:00+00:00 ... 
[2026-03-26T03:05:38.643+0000] {logging_mixin.py:188} WARNING - /home/airflow/.local/lib/python3.12/site-packages/airflow/utils/session.py:79 DeprecationWarning: This method is deprecated and will be removed in future.
[2026-03-26T03:05:38.652+0000] {base.py:294} INFO - Success criteria met. Exiting.
[2026-03-26T03:05:38.653+0000] {taskinstance.py:441} INFO - ::group::Post task execution logs
[2026-03-26T03:05:38.665+0000] {taskinstance.py:1206} INFO - Marking task as SUCCESS. dag_id=gold_mtg_pipeline, task_id=wait_silver, run_id=scheduled__2026-03-26T02:30:00+00:00, execution_date=20260326T023000, start_date=20260326T030537, end_date=20260326T030538
[2026-03-26T03:05:38.713+0000] {local_task_job_runner.py:240} INFO - Task exited with return code 0
[2026-03-26T03:05:38.746+0000] {taskinstance.py:3498} INFO - 1 downstream tasks scheduled from follow-on schedule check
[2026-03-26T03:05:38.748+0000] {local_task_job_runner.py:222} INFO - ::endgroup::
