[2026-03-26T02:42:16.516+0000] {local_task_job_runner.py:120} INFO - ::group::Pre task execution logs
[2026-03-26T02:42:16.568+0000] {taskinstance.py:2076} INFO - Dependencies all met for dep_context=non-requeueable deps ti=<TaskInstance: gold_mtg_pipeline.transform_gold scheduled__2026-03-26T01:30:00+00:00 [queued]>
[2026-03-26T02:42:16.584+0000] {taskinstance.py:2076} INFO - Dependencies all met for dep_context=requeueable deps ti=<TaskInstance: gold_mtg_pipeline.transform_gold scheduled__2026-03-26T01:30:00+00:00 [queued]>
[2026-03-26T02:42:16.584+0000] {taskinstance.py:2306} INFO - Starting attempt 15 of 17
[2026-03-26T02:42:16.605+0000] {taskinstance.py:2330} INFO - Executing <Task(PythonOperator): transform_gold> on 2026-03-26 01:30:00+00:00
[2026-03-26T02:42:16.622+0000] {logging_mixin.py:188} WARNING - /home/airflow/.local/lib/python3.12/site-packages/airflow/task/task_runner/standard_task_runner.py:61 DeprecationWarning: This process (pid=287) is multi-threaded, use of fork() may lead to deadlocks in the child.
[2026-03-26T02:42:16.623+0000] {standard_task_runner.py:63} INFO - Started process 289 to run task
[2026-03-26T02:42:16.620+0000] {standard_task_runner.py:90} INFO - Running: ['airflow', 'tasks', 'run', 'gold_mtg_pipeline', 'transform_gold', 'scheduled__2026-03-26T01:30:00+00:00', '--job-id', '118', '--raw', '--subdir', 'DAGS_FOLDER/dag_gold_mtg.py', '--cfg-path', '/tmp/tmpgyvajfu9']
[2026-03-26T02:42:16.624+0000] {standard_task_runner.py:91} INFO - Job 118: Subtask transform_gold
[2026-03-26T02:42:16.708+0000] {task_command.py:426} INFO - Running <TaskInstance: gold_mtg_pipeline.transform_gold scheduled__2026-03-26T01:30:00+00:00 [running]> on host 19376725ebfe
[2026-03-26T02:42:16.868+0000] {taskinstance.py:2648} INFO - Exporting env vars: AIRFLOW_CTX_DAG_OWNER='tiago' AIRFLOW_CTX_DAG_ID='gold_mtg_pipeline' AIRFLOW_CTX_TASK_ID='transform_gold' AIRFLOW_CTX_EXECUTION_DATE='2026-03-26T01:30:00+00:00' AIRFLOW_CTX_TRY_NUMBER='15' AIRFLOW_CTX_DAG_RUN_ID='scheduled__2026-03-26T01:30:00+00:00'
[2026-03-26T02:42:16.874+0000] {taskinstance.py:430} INFO - ::endgroup::
[2026-03-26T02:42:17.232+0000] {logging_mixin.py:188} WARNING - /opt/airflow/src/transform/transform_gold.py:81 UserWarning: pandas only supports SQLAlchemy connectable (engine/connection) or database string URI or sqlite3 DBAPI2 connection. Other DBAPI2 objects are not tested. Please consider using SQLAlchemy.
[2026-03-26T02:42:17.235+0000] {taskinstance.py:441} INFO - ::group::Post task execution logs
[2026-03-26T02:42:17.236+0000] {taskinstance.py:2905} ERROR - Task failed with exception
Traceback (most recent call last):
  File "/home/airflow/.local/lib/python3.12/site-packages/pandas/io/sql.py", line 2262, in execute
    cur.execute(sql, *args)
psycopg2.errors.UndefinedTable: relation "sqlite_master" does not exist
LINE 5:             sqlite_master
                    ^


The above exception was the direct cause of the following exception:

Traceback (most recent call last):
  File "/home/airflow/.local/lib/python3.12/site-packages/airflow/models/taskinstance.py", line 465, in _execute_task
    result = _execute_callable(context=context, **execute_callable_kwargs)
             ^^^^^^^^^^^^^^^^^^^^^^^^^^^^^^^^^^^^^^^^^^^^^^^^^^^^^^^^^^^^^
  File "/home/airflow/.local/lib/python3.12/site-packages/airflow/models/taskinstance.py", line 432, in _execute_callable
    return execute_callable(context=context, **execute_callable_kwargs)
           ^^^^^^^^^^^^^^^^^^^^^^^^^^^^^^^^^^^^^^^^^^^^^^^^^^^^^^^^^^^^
  File "/home/airflow/.local/lib/python3.12/site-packages/airflow/models/baseoperator.py", line 400, in wrapper
    return func(self, *args, **kwargs)
           ^^^^^^^^^^^^^^^^^^^^^^^^^^^
  File "/home/airflow/.local/lib/python3.12/site-packages/airflow/operators/python.py", line 235, in execute
    return_value = self.execute_callable()
                   ^^^^^^^^^^^^^^^^^^^^^^^
  File "/home/airflow/.local/lib/python3.12/site-packages/airflow/operators/python.py", line 252, in execute_callable
    return self.python_callable(*self.op_args, **self.op_kwargs)
           ^^^^^^^^^^^^^^^^^^^^^^^^^^^^^^^^^^^^^^^^^^^^^^^^^^^^^
  File "/opt/airflow/src/transform/transform_gold.py", line 81, in transform_gold
    dim_carta.to_sql('dim_carta', conn, if_exists='replace', index=False)
  File "/home/airflow/.local/lib/python3.12/site-packages/pandas/util/_decorators.py", line 333, in wrapper
    return func(*args, **kwargs)
           ^^^^^^^^^^^^^^^^^^^^^
  File "/home/airflow/.local/lib/python3.12/site-packages/pandas/core/generic.py", line 3008, in to_sql
    return sql.to_sql(
           ^^^^^^^^^^^
  File "/home/airflow/.local/lib/python3.12/site-packages/pandas/io/sql.py", line 788, in to_sql
    return pandas_sql.to_sql(
           ^^^^^^^^^^^^^^^^^^
  File "/home/airflow/.local/lib/python3.12/site-packages/pandas/io/sql.py", line 2438, in to_sql
    table.create()
  File "/home/airflow/.local/lib/python3.12/site-packages/pandas/io/sql.py", line 925, in create
    if self.exists():
       ^^^^^^^^^^^^^
  File "/home/airflow/.local/lib/python3.12/site-packages/pandas/io/sql.py", line 911, in exists
    return self.pd_sql.has_table(self.name, self.schema)
           ^^^^^^^^^^^^^^^^^^^^^^^^^^^^^^^^^^^^^^^^^^^^^
  File "/home/airflow/.local/lib/python3.12/site-packages/pandas/io/sql.py", line 2453, in has_table
    return len(self.execute(query, [name]).fetchall()) > 0
               ^^^^^^^^^^^^^^^^^^^^^^^^^^^
  File "/home/airflow/.local/lib/python3.12/site-packages/pandas/io/sql.py", line 2274, in execute
    raise ex from exc
pandas.errors.DatabaseError: Execution failed on sql '
        SELECT
            name
        FROM
            sqlite_master
        WHERE
            type IN ('table', 'view')
            AND name=?;
        ': relation "sqlite_master" does not exist
LINE 5:             sqlite_master
                    ^

[2026-03-26T02:42:17.256+0000] {taskinstance.py:1206} INFO - Marking task as UP_FOR_RETRY. dag_id=gold_mtg_pipeline, task_id=transform_gold, run_id=scheduled__2026-03-26T01:30:00+00:00, execution_date=20260326T013000, start_date=20260326T024216, end_date=20260326T024217
[2026-03-26T02:42:17.278+0000] {standard_task_runner.py:110} ERROR - Failed to execute job 118 for task transform_gold (Execution failed on sql '
        SELECT
            name
        FROM
            sqlite_master
        WHERE
            type IN ('table', 'view')
            AND name=?;
        ': relation "sqlite_master" does not exist
LINE 5:             sqlite_master
                    ^
; 289)
[2026-03-26T02:42:17.328+0000] {local_task_job_runner.py:240} INFO - Task exited with return code 1
[2026-03-26T02:42:17.361+0000] {taskinstance.py:3498} INFO - 0 downstream tasks scheduled from follow-on schedule check
[2026-03-26T02:42:17.369+0000] {local_task_job_runner.py:222} INFO - ::endgroup::
