[2026-03-26T02:39:11.873+0000] {local_task_job_runner.py:120} INFO - ::group::Pre task execution logs
[2026-03-26T02:39:12.059+0000] {taskinstance.py:2076} INFO - Dependencies all met for dep_context=non-requeueable deps ti=<TaskInstance: gold_mtg_pipeline.transform_gold scheduled__2026-03-26T01:30:00+00:00 [queued]>
[2026-03-26T02:39:12.092+0000] {taskinstance.py:2076} INFO - Dependencies all met for dep_context=requeueable deps ti=<TaskInstance: gold_mtg_pipeline.transform_gold scheduled__2026-03-26T01:30:00+00:00 [queued]>
[2026-03-26T02:39:12.092+0000] {taskinstance.py:2306} INFO - Starting attempt 13 of 14
[2026-03-26T02:39:12.120+0000] {taskinstance.py:2330} INFO - Executing <Task(PythonOperator): transform_gold> on 2026-03-26 01:30:00+00:00
[2026-03-26T02:39:12.144+0000] {logging_mixin.py:188} WARNING - /home/airflow/.local/lib/python3.12/site-packages/airflow/task/task_runner/standard_task_runner.py:61 DeprecationWarning: This process (pid=166) is multi-threaded, use of fork() may lead to deadlocks in the child.
[2026-03-26T02:39:12.145+0000] {standard_task_runner.py:63} INFO - Started process 170 to run task
[2026-03-26T02:39:12.142+0000] {standard_task_runner.py:90} INFO - Running: ['airflow', 'tasks', 'run', 'gold_mtg_pipeline', 'transform_gold', 'scheduled__2026-03-26T01:30:00+00:00', '--job-id', '115', '--raw', '--subdir', 'DAGS_FOLDER/dag_gold_mtg.py', '--cfg-path', '/tmp/tmpzxpl35hj']
[2026-03-26T02:39:12.146+0000] {standard_task_runner.py:91} INFO - Job 115: Subtask transform_gold
[2026-03-26T02:39:12.302+0000] {task_command.py:426} INFO - Running <TaskInstance: gold_mtg_pipeline.transform_gold scheduled__2026-03-26T01:30:00+00:00 [running]> on host 19376725ebfe
[2026-03-26T02:39:13.253+0000] {taskinstance.py:2648} INFO - Exporting env vars: AIRFLOW_CTX_DAG_OWNER='tiago' AIRFLOW_CTX_DAG_ID='gold_mtg_pipeline' AIRFLOW_CTX_TASK_ID='transform_gold' AIRFLOW_CTX_EXECUTION_DATE='2026-03-26T01:30:00+00:00' AIRFLOW_CTX_TRY_NUMBER='13' AIRFLOW_CTX_DAG_RUN_ID='scheduled__2026-03-26T01:30:00+00:00'
[2026-03-26T02:39:13.254+0000] {taskinstance.py:430} INFO - ::endgroup::
[2026-03-26T02:39:13.592+0000] {taskinstance.py:441} INFO - ::group::Post task execution logs
[2026-03-26T02:39:13.593+0000] {taskinstance.py:2905} ERROR - Task failed with exception
Traceback (most recent call last):
  File "/home/airflow/.local/lib/python3.12/site-packages/airflow/models/taskinstance.py", line 465, in _execute_task
    result = _execute_callable(context=context, **execute_callable_kwargs)
             ^^^^^^^^^^^^^^^^^^^^^^^^^^^^^^^^^^^^^^^^^^^^^^^^^^^^^^^^^^^^^
  File "/home/airflow/.local/lib/python3.12/site-packages/airflow/models/taskinstance.py", line 432, in _execute_callable
    return execute_callable(context=context, **execute_callable_kwargs)
           ^^^^^^^^^^^^^^^^^^^^^^^^^^^^^^^^^^^^^^^^^^^^^^^^^^^^^^^^^^^^
  File "/home/airflow/.local/lib/python3.12/site-packages/airflow/models/baseoperator.py", line 400, in wrapper
    return func(self, *args, **kwargs)
           ^^^^^^^^^^^^^^^^^^^^^^^^^^^
  File "/home/airflow/.local/lib/python3.12/site-packages/airflow/operators/python.py", line 235, in execute
    return_value = self.execute_callable()
                   ^^^^^^^^^^^^^^^^^^^^^^^
  File "/home/airflow/.local/lib/python3.12/site-packages/airflow/operators/python.py", line 252, in execute_callable
    return self.python_callable(*self.op_args, **self.op_kwargs)
           ^^^^^^^^^^^^^^^^^^^^^^^^^^^^^^^^^^^^^^^^^^^^^^^^^^^^^
  File "/opt/airflow/src/transform/transform_gold.py", line 24, in transform_gold
    df['date'] = pd.to_datetime(df['collected_at']).dt.date
                 ^^^^^^^^^^^^^^^^^^^^^^^^^^^^^^^^^^
  File "/home/airflow/.local/lib/python3.12/site-packages/pandas/core/tools/datetimes.py", line 1115, in to_datetime
    result = _assemble_from_unit_mappings(arg, errors, utc)
             ^^^^^^^^^^^^^^^^^^^^^^^^^^^^^^^^^^^^^^^^^^^^^^
  File "/home/airflow/.local/lib/python3.12/site-packages/pandas/core/tools/datetimes.py", line 1210, in _assemble_from_unit_mappings
    raise ValueError("cannot assemble with duplicate keys")
ValueError: cannot assemble with duplicate keys
[2026-03-26T02:39:13.642+0000] {taskinstance.py:1206} INFO - Marking task as UP_FOR_RETRY. dag_id=gold_mtg_pipeline, task_id=transform_gold, run_id=scheduled__2026-03-26T01:30:00+00:00, execution_date=20260326T013000, start_date=20260326T023912, end_date=20260326T023913
[2026-03-26T02:39:13.680+0000] {standard_task_runner.py:110} ERROR - Failed to execute job 115 for task transform_gold (cannot assemble with duplicate keys; 170)
[2026-03-26T02:39:13.735+0000] {local_task_job_runner.py:240} INFO - Task exited with return code 1
[2026-03-26T02:39:13.796+0000] {taskinstance.py:3498} INFO - 0 downstream tasks scheduled from follow-on schedule check
[2026-03-26T02:39:13.800+0000] {local_task_job_runner.py:222} INFO - ::endgroup::
