[2026-03-26T02:44:14.837+0000] {local_task_job_runner.py:120} INFO - ::group::Pre task execution logs
[2026-03-26T02:44:14.888+0000] {taskinstance.py:2076} INFO - Dependencies all met for dep_context=non-requeueable deps ti=<TaskInstance: gold_mtg_pipeline.transform_gold scheduled__2026-03-26T02:00:00+00:00 [queued]>
[2026-03-26T02:44:14.903+0000] {taskinstance.py:2076} INFO - Dependencies all met for dep_context=requeueable deps ti=<TaskInstance: gold_mtg_pipeline.transform_gold scheduled__2026-03-26T02:00:00+00:00 [queued]>
[2026-03-26T02:44:14.904+0000] {taskinstance.py:2306} INFO - Starting attempt 3 of 3
[2026-03-26T02:44:14.922+0000] {taskinstance.py:2330} INFO - Executing <Task(PythonOperator): transform_gold> on 2026-03-26 02:00:00+00:00
[2026-03-26T02:44:14.935+0000] {standard_task_runner.py:90} INFO - Running: ['airflow', 'tasks', 'run', 'gold_mtg_pipeline', 'transform_gold', 'scheduled__2026-03-26T02:00:00+00:00', '--job-id', '120', '--raw', '--subdir', 'DAGS_FOLDER/dag_gold_mtg.py', '--cfg-path', '/tmp/tmps6h026l4']
[2026-03-26T02:44:14.941+0000] {standard_task_runner.py:91} INFO - Job 120: Subtask transform_gold
[2026-03-26T02:44:14.940+0000] {logging_mixin.py:188} WARNING - /home/airflow/.local/lib/python3.12/site-packages/airflow/task/task_runner/standard_task_runner.py:61 DeprecationWarning: This process (pid=373) is multi-threaded, use of fork() may lead to deadlocks in the child.
[2026-03-26T02:44:14.941+0000] {standard_task_runner.py:63} INFO - Started process 375 to run task
[2026-03-26T02:44:15.016+0000] {task_command.py:426} INFO - Running <TaskInstance: gold_mtg_pipeline.transform_gold scheduled__2026-03-26T02:00:00+00:00 [running]> on host 19376725ebfe
[2026-03-26T02:44:15.153+0000] {taskinstance.py:2648} INFO - Exporting env vars: AIRFLOW_CTX_DAG_OWNER='tiago' AIRFLOW_CTX_DAG_ID='gold_mtg_pipeline' AIRFLOW_CTX_TASK_ID='transform_gold' AIRFLOW_CTX_EXECUTION_DATE='2026-03-26T02:00:00+00:00' AIRFLOW_CTX_TRY_NUMBER='3' AIRFLOW_CTX_DAG_RUN_ID='scheduled__2026-03-26T02:00:00+00:00'
[2026-03-26T02:44:15.155+0000] {taskinstance.py:430} INFO - ::endgroup::
[2026-03-26T02:44:15.652+0000] {taskinstance.py:441} INFO - ::group::Post task execution logs
[2026-03-26T02:44:15.653+0000] {taskinstance.py:2905} ERROR - Task failed with exception
Traceback (most recent call last):
  File "/home/airflow/.local/lib/python3.12/site-packages/airflow/models/taskinstance.py", line 465, in _execute_task
    result = _execute_callable(context=context, **execute_callable_kwargs)
             ^^^^^^^^^^^^^^^^^^^^^^^^^^^^^^^^^^^^^^^^^^^^^^^^^^^^^^^^^^^^^
  File "/home/airflow/.local/lib/python3.12/site-packages/airflow/models/taskinstance.py", line 432, in _execute_callable
    return execute_callable(context=context, **execute_callable_kwargs)
           ^^^^^^^^^^^^^^^^^^^^^^^^^^^^^^^^^^^^^^^^^^^^^^^^^^^^^^^^^^^^
  File "/home/airflow/.local/lib/python3.12/site-packages/airflow/models/baseoperator.py", line 400, in wrapper
    return func(self, *args, **kwargs)
           ^^^^^^^^^^^^^^^^^^^^^^^^^^^
  File "/home/airflow/.local/lib/python3.12/site-packages/airflow/operators/python.py", line 235, in execute
    return_value = self.execute_callable()
                   ^^^^^^^^^^^^^^^^^^^^^^^
  File "/home/airflow/.local/lib/python3.12/site-packages/airflow/operators/python.py", line 252, in execute_callable
    return self.python_callable(*self.op_args, **self.op_kwargs)
           ^^^^^^^^^^^^^^^^^^^^^^^^^^^^^^^^^^^^^^^^^^^^^^^^^^^^^
  File "/opt/airflow/src/transform/transform_gold.py", line 86, in transform_gold
    conn.close()
    ^^^^^^^^^^
AttributeError: 'Engine' object has no attribute 'close'
[2026-03-26T02:44:15.666+0000] {taskinstance.py:1206} INFO - Marking task as FAILED. dag_id=gold_mtg_pipeline, task_id=transform_gold, run_id=scheduled__2026-03-26T02:00:00+00:00, execution_date=20260326T020000, start_date=20260326T024414, end_date=20260326T024415
[2026-03-26T02:44:15.689+0000] {standard_task_runner.py:110} ERROR - Failed to execute job 120 for task transform_gold ('Engine' object has no attribute 'close'; 375)
[2026-03-26T02:44:15.731+0000] {local_task_job_runner.py:240} INFO - Task exited with return code 1
[2026-03-26T02:44:15.761+0000] {taskinstance.py:3498} INFO - 0 downstream tasks scheduled from follow-on schedule check
[2026-03-26T02:44:15.768+0000] {local_task_job_runner.py:222} INFO - ::endgroup::
