[2026-03-26T01:28:47.372+0000] {local_task_job_runner.py:120} INFO - ::group::Pre task execution logs
[2026-03-26T01:28:47.418+0000] {taskinstance.py:2076} INFO - Dependencies all met for dep_context=non-requeueable deps ti=<TaskInstance: silver_mtg_pipeline.wait_bronze manual__2026-03-26T01:28:46.003895+00:00 [queued]>
[2026-03-26T01:28:47.434+0000] {taskinstance.py:2076} INFO - Dependencies all met for dep_context=requeueable deps ti=<TaskInstance: silver_mtg_pipeline.wait_bronze manual__2026-03-26T01:28:46.003895+00:00 [queued]>
[2026-03-26T01:28:47.435+0000] {taskinstance.py:2306} INFO - Starting attempt 1 of 3
[2026-03-26T01:28:47.453+0000] {taskinstance.py:2330} INFO - Executing <Task(ExternalTaskSensor): wait_bronze> on 2026-03-26 01:28:46.003895+00:00
[2026-03-26T01:28:47.470+0000] {standard_task_runner.py:90} INFO - Running: ['airflow', 'tasks', 'run', 'silver_mtg_pipeline', 'wait_bronze', 'manual__2026-03-26T01:28:46.003895+00:00', '--job-id', '70', '--raw', '--subdir', 'DAGS_FOLDER/dag_silver_mtg.py', '--cfg-path', '/tmp/tmp1tnoww9l']
[2026-03-26T01:28:47.478+0000] {standard_task_runner.py:91} INFO - Job 70: Subtask wait_bronze
[2026-03-26T01:28:47.479+0000] {logging_mixin.py:188} WARNING - /home/airflow/.local/lib/python3.12/site-packages/airflow/task/task_runner/standard_task_runner.py:61 DeprecationWarning: This process (pid=615) is multi-threaded, use of fork() may lead to deadlocks in the child.
[2026-03-26T01:28:47.480+0000] {standard_task_runner.py:63} INFO - Started process 617 to run task
[2026-03-26T01:28:47.541+0000] {task_command.py:426} INFO - Running <TaskInstance: silver_mtg_pipeline.wait_bronze manual__2026-03-26T01:28:46.003895+00:00 [running]> on host d5dd30dd3575
[2026-03-26T01:28:47.693+0000] {taskinstance.py:2648} INFO - Exporting env vars: AIRFLOW_CTX_DAG_OWNER='tiago' AIRFLOW_CTX_DAG_ID='silver_mtg_pipeline' AIRFLOW_CTX_TASK_ID='wait_bronze' AIRFLOW_CTX_EXECUTION_DATE='2026-03-26T01:28:46.003895+00:00' AIRFLOW_CTX_TRY_NUMBER='1' AIRFLOW_CTX_DAG_RUN_ID='manual__2026-03-26T01:28:46.003895+00:00'
[2026-03-26T01:28:47.695+0000] {taskinstance.py:430} INFO - ::endgroup::
[2026-03-26T01:28:47.891+0000] {baseoperator.py:399} WARNING - ExternalTaskSensor.execute cannot be called outside TaskInstance!
[2026-03-26T01:28:47.892+0000] {external_task.py:274} INFO - Poking for DAG 'bronze_mtg_pipeline' on 2026-03-26T01:28:46.003895+00:00 ... 
[2026-03-26T01:28:47.896+0000] {logging_mixin.py:188} WARNING - /home/airflow/.local/lib/python3.12/site-packages/airflow/utils/session.py:79 DeprecationWarning: This method is deprecated and will be removed in future.
[2026-03-26T01:29:47.905+0000] {external_task.py:274} INFO - Poking for DAG 'bronze_mtg_pipeline' on 2026-03-26T01:28:46.003895+00:00 ... 
[2026-03-26T01:30:47.918+0000] {external_task.py:274} INFO - Poking for DAG 'bronze_mtg_pipeline' on 2026-03-26T01:28:46.003895+00:00 ... 
[2026-03-26T01:31:47.934+0000] {external_task.py:274} INFO - Poking for DAG 'bronze_mtg_pipeline' on 2026-03-26T01:28:46.003895+00:00 ... 
[2026-03-26T01:32:47.948+0000] {external_task.py:274} INFO - Poking for DAG 'bronze_mtg_pipeline' on 2026-03-26T01:28:46.003895+00:00 ... 
[2026-03-26T01:33:47.958+0000] {external_task.py:274} INFO - Poking for DAG 'bronze_mtg_pipeline' on 2026-03-26T01:28:46.003895+00:00 ... 
[2026-03-26T01:34:47.967+0000] {external_task.py:274} INFO - Poking for DAG 'bronze_mtg_pipeline' on 2026-03-26T01:28:46.003895+00:00 ... 
[2026-03-26T01:35:47.977+0000] {external_task.py:274} INFO - Poking for DAG 'bronze_mtg_pipeline' on 2026-03-26T01:28:46.003895+00:00 ... 
[2026-03-26T01:36:47.985+0000] {external_task.py:274} INFO - Poking for DAG 'bronze_mtg_pipeline' on 2026-03-26T01:28:46.003895+00:00 ... 
[2026-03-26T01:37:47.997+0000] {external_task.py:274} INFO - Poking for DAG 'bronze_mtg_pipeline' on 2026-03-26T01:28:46.003895+00:00 ... 
[2026-03-26T01:38:48.017+0000] {external_task.py:274} INFO - Poking for DAG 'bronze_mtg_pipeline' on 2026-03-26T01:28:46.003895+00:00 ... 
[2026-03-26T01:38:48.025+0000] {taskinstance.py:441} INFO - ::group::Post task execution logs
[2026-03-26T01:38:48.026+0000] {taskinstance.py:2905} ERROR - Task failed with exception
Traceback (most recent call last):
  File "/home/airflow/.local/lib/python3.12/site-packages/airflow/models/taskinstance.py", line 465, in _execute_task
    result = _execute_callable(context=context, **execute_callable_kwargs)
             ^^^^^^^^^^^^^^^^^^^^^^^^^^^^^^^^^^^^^^^^^^^^^^^^^^^^^^^^^^^^^
  File "/home/airflow/.local/lib/python3.12/site-packages/airflow/models/taskinstance.py", line 432, in _execute_callable
    return execute_callable(context=context, **execute_callable_kwargs)
           ^^^^^^^^^^^^^^^^^^^^^^^^^^^^^^^^^^^^^^^^^^^^^^^^^^^^^^^^^^^^
  File "/home/airflow/.local/lib/python3.12/site-packages/airflow/models/baseoperator.py", line 400, in wrapper
    return func(self, *args, **kwargs)
           ^^^^^^^^^^^^^^^^^^^^^^^^^^^
  File "/home/airflow/.local/lib/python3.12/site-packages/airflow/sensors/external_task.py", line 348, in execute
    super().execute(context)
  File "/home/airflow/.local/lib/python3.12/site-packages/airflow/models/baseoperator.py", line 400, in wrapper
    return func(self, *args, **kwargs)
           ^^^^^^^^^^^^^^^^^^^^^^^^^^^
  File "/home/airflow/.local/lib/python3.12/site-packages/airflow/sensors/base.py", line 281, in execute
    raise AirflowSensorTimeout(message)
airflow.exceptions.AirflowSensorTimeout: Sensor has timed out; run duration of 600.1332364260006 seconds exceeds the specified timeout of 600.0.
[2026-03-26T01:38:48.035+0000] {taskinstance.py:1206} INFO - Immediate failure requested. Marking task as FAILED. dag_id=silver_mtg_pipeline, task_id=wait_bronze, run_id=manual__2026-03-26T01:28:46.003895+00:00, execution_date=20260326T012846, start_date=20260326T012847, end_date=20260326T013848
[2026-03-26T01:38:48.048+0000] {standard_task_runner.py:110} ERROR - Failed to execute job 70 for task wait_bronze (Sensor has timed out; run duration of 600.1332364260006 seconds exceeds the specified timeout of 600.0.; 617)
[2026-03-26T01:38:48.073+0000] {local_task_job_runner.py:240} INFO - Task exited with return code 1
[2026-03-26T01:38:48.100+0000] {taskinstance.py:3498} INFO - 0 downstream tasks scheduled from follow-on schedule check
[2026-03-26T01:38:48.104+0000] {local_task_job_runner.py:222} INFO - ::endgroup::
