[2026-03-26T03:31:20.260+0000] {local_task_job_runner.py:120} INFO - ::group::Pre task execution logs
[2026-03-26T03:31:20.368+0000] {taskinstance.py:2076} INFO - Dependencies all met for dep_context=non-requeueable deps ti=<TaskInstance: silver_mtg_pipeline.load_silver manual__2026-03-26T03:09:25.875156+00:00 [queued]>
[2026-03-26T03:31:20.473+0000] {taskinstance.py:2076} INFO - Dependencies all met for dep_context=requeueable deps ti=<TaskInstance: silver_mtg_pipeline.load_silver manual__2026-03-26T03:09:25.875156+00:00 [queued]>
[2026-03-26T03:31:20.474+0000] {taskinstance.py:2306} INFO - Starting attempt 1 of 3
[2026-03-26T03:31:20.533+0000] {taskinstance.py:2330} INFO - Executing <Task(PythonOperator): load_silver> on 2026-03-26 03:09:25.875156+00:00
[2026-03-26T03:31:20.599+0000] {standard_task_runner.py:90} INFO - Running: ['airflow', 'tasks', 'run', 'silver_mtg_pipeline', 'load_silver', 'manual__2026-03-26T03:09:25.875156+00:00', '--job-id', '157', '--raw', '--subdir', 'DAGS_FOLDER/dag_silver_mtg.py', '--cfg-path', '/tmp/tmppxdzb7ek']
[2026-03-26T03:31:20.620+0000] {standard_task_runner.py:91} INFO - Job 157: Subtask load_silver
[2026-03-26T03:31:20.643+0000] {logging_mixin.py:188} WARNING - /home/airflow/.local/lib/python3.12/site-packages/airflow/task/task_runner/standard_task_runner.py:61 DeprecationWarning: This process (pid=167) is multi-threaded, use of fork() may lead to deadlocks in the child.
[2026-03-26T03:31:20.657+0000] {standard_task_runner.py:63} INFO - Started process 171 to run task
[2026-03-26T03:31:20.891+0000] {task_command.py:426} INFO - Running <TaskInstance: silver_mtg_pipeline.load_silver manual__2026-03-26T03:09:25.875156+00:00 [running]> on host 426c0d057d33
[2026-03-26T03:31:21.957+0000] {taskinstance.py:2648} INFO - Exporting env vars: AIRFLOW_CTX_DAG_OWNER='tiago' AIRFLOW_CTX_DAG_ID='silver_mtg_pipeline' AIRFLOW_CTX_TASK_ID='load_silver' AIRFLOW_CTX_EXECUTION_DATE='2026-03-26T03:09:25.875156+00:00' AIRFLOW_CTX_TRY_NUMBER='1' AIRFLOW_CTX_DAG_RUN_ID='manual__2026-03-26T03:09:25.875156+00:00'
[2026-03-26T03:31:21.961+0000] {taskinstance.py:430} INFO - ::endgroup::
[2026-03-26T03:31:22.620+0000] {taskinstance.py:441} INFO - ::group::Post task execution logs
[2026-03-26T03:31:22.621+0000] {taskinstance.py:2905} ERROR - Task failed with exception
Traceback (most recent call last):
  File "/home/airflow/.local/lib/python3.12/site-packages/sqlalchemy/engine/base.py", line 1910, in _execute_context
    self.dialect.do_execute(
  File "/home/airflow/.local/lib/python3.12/site-packages/sqlalchemy/engine/default.py", line 736, in do_execute
    cursor.execute(statement, parameters)
psycopg2.errors.UniqueViolation: duplicate key value violates unique constraint "pg_type_typname_nsp_index"
DETAIL:  Key (typname, typnamespace)=(silver_cards, 2200) already exists.


The above exception was the direct cause of the following exception:

Traceback (most recent call last):
  File "/home/airflow/.local/lib/python3.12/site-packages/airflow/models/taskinstance.py", line 465, in _execute_task
    result = _execute_callable(context=context, **execute_callable_kwargs)
             ^^^^^^^^^^^^^^^^^^^^^^^^^^^^^^^^^^^^^^^^^^^^^^^^^^^^^^^^^^^^^
  File "/home/airflow/.local/lib/python3.12/site-packages/airflow/models/taskinstance.py", line 432, in _execute_callable
    return execute_callable(context=context, **execute_callable_kwargs)
           ^^^^^^^^^^^^^^^^^^^^^^^^^^^^^^^^^^^^^^^^^^^^^^^^^^^^^^^^^^^^
  File "/home/airflow/.local/lib/python3.12/site-packages/airflow/models/baseoperator.py", line 400, in wrapper
    return func(self, *args, **kwargs)
           ^^^^^^^^^^^^^^^^^^^^^^^^^^^
  File "/home/airflow/.local/lib/python3.12/site-packages/airflow/operators/python.py", line 235, in execute
    return_value = self.execute_callable()
                   ^^^^^^^^^^^^^^^^^^^^^^^
  File "/home/airflow/.local/lib/python3.12/site-packages/airflow/operators/python.py", line 252, in execute_callable
    return self.python_callable(*self.op_args, **self.op_kwargs)
           ^^^^^^^^^^^^^^^^^^^^^^^^^^^^^^^^^^^^^^^^^^^^^^^^^^^^^
  File "/opt/airflow/dags/dag_silver_mtg.py", line 33, in load_silver_postgres
    df.to_sql('silver_cards', conn, if_exists='replace', index=False)
  File "/home/airflow/.local/lib/python3.12/site-packages/pandas/util/_decorators.py", line 333, in wrapper
    return func(*args, **kwargs)
           ^^^^^^^^^^^^^^^^^^^^^
  File "/home/airflow/.local/lib/python3.12/site-packages/pandas/core/generic.py", line 3008, in to_sql
    return sql.to_sql(
           ^^^^^^^^^^^
  File "/home/airflow/.local/lib/python3.12/site-packages/pandas/io/sql.py", line 788, in to_sql
    return pandas_sql.to_sql(
           ^^^^^^^^^^^^^^^^^^
  File "/home/airflow/.local/lib/python3.12/site-packages/pandas/io/sql.py", line 1948, in to_sql
    table = self.prep_table(
            ^^^^^^^^^^^^^^^^
  File "/home/airflow/.local/lib/python3.12/site-packages/pandas/io/sql.py", line 1852, in prep_table
    table.create()
  File "/home/airflow/.local/lib/python3.12/site-packages/pandas/io/sql.py", line 936, in create
    self._execute_create()
  File "/home/airflow/.local/lib/python3.12/site-packages/pandas/io/sql.py", line 922, in _execute_create
    self.table.create(bind=self.pd_sql.con)
  File "/home/airflow/.local/lib/python3.12/site-packages/sqlalchemy/sql/schema.py", line 962, in create
    bind._run_ddl_visitor(ddl.SchemaGenerator, self, checkfirst=checkfirst)
  File "/home/airflow/.local/lib/python3.12/site-packages/sqlalchemy/engine/base.py", line 2221, in _run_ddl_visitor
    visitorcallable(self.dialect, self, **kwargs).traverse_single(element)
  File "/home/airflow/.local/lib/python3.12/site-packages/sqlalchemy/sql/visitors.py", line 524, in traverse_single
    return meth(obj, **kw)
           ^^^^^^^^^^^^^^^
  File "/home/airflow/.local/lib/python3.12/site-packages/sqlalchemy/sql/ddl.py", line 899, in visit_table
    self.connection.execute(
  File "/home/airflow/.local/lib/python3.12/site-packages/sqlalchemy/engine/base.py", line 1385, in execute
    return meth(self, multiparams, params, _EMPTY_EXECUTION_OPTS)
           ^^^^^^^^^^^^^^^^^^^^^^^^^^^^^^^^^^^^^^^^^^^^^^^^^^^^^^
  File "/home/airflow/.local/lib/python3.12/site-packages/sqlalchemy/sql/ddl.py", line 80, in _execute_on_connection
    return connection._execute_ddl(
           ^^^^^^^^^^^^^^^^^^^^^^^^
  File "/home/airflow/.local/lib/python3.12/site-packages/sqlalchemy/engine/base.py", line 1477, in _execute_ddl
    ret = self._execute_context(
          ^^^^^^^^^^^^^^^^^^^^^^
  File "/home/airflow/.local/lib/python3.12/site-packages/sqlalchemy/engine/base.py", line 1953, in _execute_context
    self._handle_dbapi_exception(
  File "/home/airflow/.local/lib/python3.12/site-packages/sqlalchemy/engine/base.py", line 2134, in _handle_dbapi_exception
    util.raise_(
  File "/home/airflow/.local/lib/python3.12/site-packages/sqlalchemy/util/compat.py", line 211, in raise_
    raise exception
  File "/home/airflow/.local/lib/python3.12/site-packages/sqlalchemy/engine/base.py", line 1910, in _execute_context
    self.dialect.do_execute(
  File "/home/airflow/.local/lib/python3.12/site-packages/sqlalchemy/engine/default.py", line 736, in do_execute
    cursor.execute(statement, parameters)
sqlalchemy.exc.IntegrityError: (psycopg2.errors.UniqueViolation) duplicate key value violates unique constraint "pg_type_typname_nsp_index"
DETAIL:  Key (typname, typnamespace)=(silver_cards, 2200) already exists.

[SQL: 
CREATE TABLE silver_cards (
	card_id TEXT, 
	name_x TEXT, 
	type TEXT, 
	rarity TEXT, 
	setname TEXT, 
	power FLOAT(53), 
	toughness FLOAT(53), 
	collected_at_x TIMESTAMP WITHOUT TIME ZONE, 
	name_y TEXT, 
	price_usd FLOAT(53), 
	collected_at_y TIMESTAMP WITHOUT TIME ZONE, 
	usd_brl FLOAT(53), 
	collected_at TIMESTAMP WITHOUT TIME ZONE
)

]
(Background on this error at: https://sqlalche.me/e/14/gkpj)
[2026-03-26T03:31:22.749+0000] {taskinstance.py:1206} INFO - Marking task as UP_FOR_RETRY. dag_id=silver_mtg_pipeline, task_id=load_silver, run_id=manual__2026-03-26T03:09:25.875156+00:00, execution_date=20260326T030925, start_date=20260326T033120, end_date=20260326T033122
[2026-03-26T03:31:22.795+0000] {standard_task_runner.py:110} ERROR - Failed to execute job 157 for task load_silver ((psycopg2.errors.UniqueViolation) duplicate key value violates unique constraint "pg_type_typname_nsp_index"
DETAIL:  Key (typname, typnamespace)=(silver_cards, 2200) already exists.

[SQL: 
CREATE TABLE silver_cards (
	card_id TEXT, 
	name_x TEXT, 
	type TEXT, 
	rarity TEXT, 
	setname TEXT, 
	power FLOAT(53), 
	toughness FLOAT(53), 
	collected_at_x TIMESTAMP WITHOUT TIME ZONE, 
	name_y TEXT, 
	price_usd FLOAT(53), 
	collected_at_y TIMESTAMP WITHOUT TIME ZONE, 
	usd_brl FLOAT(53), 
	collected_at TIMESTAMP WITHOUT TIME ZONE
)

]
(Background on this error at: https://sqlalche.me/e/14/gkpj); 171)
[2026-03-26T03:31:22.861+0000] {local_task_job_runner.py:240} INFO - Task exited with return code 1
[2026-03-26T03:31:22.929+0000] {taskinstance.py:3498} INFO - 0 downstream tasks scheduled from follow-on schedule check
[2026-03-26T03:31:22.938+0000] {local_task_job_runner.py:222} INFO - ::endgroup::
