[2026-03-26T03:22:46.683+0000] {local_task_job_runner.py:120} INFO - ::group::Pre task execution logs
[2026-03-26T03:22:46.752+0000] {taskinstance.py:2076} INFO - Dependencies all met for dep_context=non-requeueable deps ti=<TaskInstance: silver_mtg_pipeline.wait_bronze manual__2026-03-26T03:09:25.875156+00:00 [queued]>
[2026-03-26T03:22:46.769+0000] {taskinstance.py:2076} INFO - Dependencies all met for dep_context=requeueable deps ti=<TaskInstance: silver_mtg_pipeline.wait_bronze manual__2026-03-26T03:09:25.875156+00:00 [queued]>
[2026-03-26T03:22:46.770+0000] {taskinstance.py:2306} INFO - Starting attempt 2 of 4
[2026-03-26T03:22:46.793+0000] {taskinstance.py:2330} INFO - Executing <Task(ExternalTaskSensor): wait_bronze> on 2026-03-26 03:09:25.875156+00:00
[2026-03-26T03:22:46.812+0000] {standard_task_runner.py:90} INFO - Running: ['airflow', 'tasks', 'run', 'silver_mtg_pipeline', 'wait_bronze', 'manual__2026-03-26T03:09:25.875156+00:00', '--job-id', '142', '--raw', '--subdir', 'DAGS_FOLDER/dag_silver_mtg.py', '--cfg-path', '/tmp/tmp0ga5o43i']
[2026-03-26T03:22:46.817+0000] {standard_task_runner.py:91} INFO - Job 142: Subtask wait_bronze
[2026-03-26T03:22:46.819+0000] {logging_mixin.py:188} WARNING - /home/airflow/.local/lib/python3.12/site-packages/airflow/task/task_runner/standard_task_runner.py:61 DeprecationWarning: This process (pid=195) is multi-threaded, use of fork() may lead to deadlocks in the child.
[2026-03-26T03:22:46.822+0000] {standard_task_runner.py:63} INFO - Started process 197 to run task
[2026-03-26T03:22:46.890+0000] {task_command.py:426} INFO - Running <TaskInstance: silver_mtg_pipeline.wait_bronze manual__2026-03-26T03:09:25.875156+00:00 [running]> on host 0339b91d7197
[2026-03-26T03:22:47.059+0000] {taskinstance.py:2648} INFO - Exporting env vars: AIRFLOW_CTX_DAG_OWNER='tiago' AIRFLOW_CTX_DAG_ID='silver_mtg_pipeline' AIRFLOW_CTX_TASK_ID='wait_bronze' AIRFLOW_CTX_EXECUTION_DATE='2026-03-26T03:09:25.875156+00:00' AIRFLOW_CTX_TRY_NUMBER='2' AIRFLOW_CTX_DAG_RUN_ID='manual__2026-03-26T03:09:25.875156+00:00'
[2026-03-26T03:22:47.067+0000] {taskinstance.py:430} INFO - ::endgroup::
[2026-03-26T03:22:47.317+0000] {baseoperator.py:399} WARNING - ExternalTaskSensor.execute cannot be called outside TaskInstance!
[2026-03-26T03:22:47.330+0000] {external_task.py:258} INFO - Poking for tasks ['transform_bronze'] in dag bronze_mtg_pipeline on 2026-03-26T03:09:25.875156+00:00 ... 
[2026-03-26T03:22:47.335+0000] {logging_mixin.py:188} WARNING - /home/airflow/.local/lib/python3.12/site-packages/airflow/utils/session.py:79 DeprecationWarning: This method is deprecated and will be removed in future.
[2026-03-26T03:22:47.349+0000] {taskinstance.py:441} INFO - ::group::Post task execution logs
[2026-03-26T03:22:47.382+0000] {taskinstance.py:2865} INFO - Rescheduling task, marking task as UP_FOR_RESCHEDULE
[2026-03-26T03:22:47.412+0000] {local_task_job_runner.py:240} INFO - Task exited with return code 0
[2026-03-26T03:22:47.465+0000] {taskinstance.py:3498} INFO - 0 downstream tasks scheduled from follow-on schedule check
[2026-03-26T03:22:47.468+0000] {local_task_job_runner.py:222} INFO - ::endgroup::
[2026-03-26T03:23:19.214+0000] {local_task_job_runner.py:120} INFO - ::group::Pre task execution logs
[2026-03-26T03:23:19.256+0000] {taskinstance.py:2076} INFO - Dependencies all met for dep_context=non-requeueable deps ti=<TaskInstance: silver_mtg_pipeline.wait_bronze manual__2026-03-26T03:09:25.875156+00:00 [queued]>
[2026-03-26T03:23:19.269+0000] {taskinstance.py:2076} INFO - Dependencies all met for dep_context=requeueable deps ti=<TaskInstance: silver_mtg_pipeline.wait_bronze manual__2026-03-26T03:09:25.875156+00:00 [queued]>
[2026-03-26T03:23:19.270+0000] {taskinstance.py:2306} INFO - Starting attempt 2 of 4
[2026-03-26T03:23:19.288+0000] {taskinstance.py:2330} INFO - Executing <Task(ExternalTaskSensor): wait_bronze> on 2026-03-26 03:09:25.875156+00:00
[2026-03-26T03:23:19.304+0000] {standard_task_runner.py:90} INFO - Running: ['airflow', 'tasks', 'run', 'silver_mtg_pipeline', 'wait_bronze', 'manual__2026-03-26T03:09:25.875156+00:00', '--job-id', '143', '--raw', '--subdir', 'DAGS_FOLDER/dag_silver_mtg.py', '--cfg-path', '/tmp/tmpk69zwm2f']
[2026-03-26T03:23:19.309+0000] {standard_task_runner.py:91} INFO - Job 143: Subtask wait_bronze
[2026-03-26T03:23:19.310+0000] {logging_mixin.py:188} WARNING - /home/airflow/.local/lib/python3.12/site-packages/airflow/task/task_runner/standard_task_runner.py:61 DeprecationWarning: This process (pid=216) is multi-threaded, use of fork() may lead to deadlocks in the child.
[2026-03-26T03:23:19.314+0000] {standard_task_runner.py:63} INFO - Started process 218 to run task
[2026-03-26T03:23:19.391+0000] {task_command.py:426} INFO - Running <TaskInstance: silver_mtg_pipeline.wait_bronze manual__2026-03-26T03:09:25.875156+00:00 [running]> on host 0339b91d7197
[2026-03-26T03:23:19.534+0000] {taskinstance.py:2648} INFO - Exporting env vars: AIRFLOW_CTX_DAG_OWNER='tiago' AIRFLOW_CTX_DAG_ID='silver_mtg_pipeline' AIRFLOW_CTX_TASK_ID='wait_bronze' AIRFLOW_CTX_EXECUTION_DATE='2026-03-26T03:09:25.875156+00:00' AIRFLOW_CTX_TRY_NUMBER='2' AIRFLOW_CTX_DAG_RUN_ID='manual__2026-03-26T03:09:25.875156+00:00'
[2026-03-26T03:23:19.535+0000] {taskinstance.py:430} INFO - ::endgroup::
[2026-03-26T03:23:19.735+0000] {baseoperator.py:399} WARNING - ExternalTaskSensor.execute cannot be called outside TaskInstance!
[2026-03-26T03:23:19.749+0000] {external_task.py:258} INFO - Poking for tasks ['transform_bronze'] in dag bronze_mtg_pipeline on 2026-03-26T03:09:25.875156+00:00 ... 
[2026-03-26T03:23:19.755+0000] {logging_mixin.py:188} WARNING - /home/airflow/.local/lib/python3.12/site-packages/airflow/utils/session.py:79 DeprecationWarning: This method is deprecated and will be removed in future.
[2026-03-26T03:23:19.771+0000] {taskinstance.py:441} INFO - ::group::Post task execution logs
[2026-03-26T03:23:19.811+0000] {taskinstance.py:2865} INFO - Rescheduling task, marking task as UP_FOR_RESCHEDULE
[2026-03-26T03:23:19.858+0000] {local_task_job_runner.py:240} INFO - Task exited with return code 0
[2026-03-26T03:23:19.901+0000] {taskinstance.py:3498} INFO - 0 downstream tasks scheduled from follow-on schedule check
[2026-03-26T03:23:19.904+0000] {local_task_job_runner.py:222} INFO - ::endgroup::
[2026-03-26T03:23:50.654+0000] {local_task_job_runner.py:120} INFO - ::group::Pre task execution logs
[2026-03-26T03:23:50.697+0000] {taskinstance.py:2076} INFO - Dependencies all met for dep_context=non-requeueable deps ti=<TaskInstance: silver_mtg_pipeline.wait_bronze manual__2026-03-26T03:09:25.875156+00:00 [queued]>
[2026-03-26T03:23:50.710+0000] {taskinstance.py:2076} INFO - Dependencies all met for dep_context=requeueable deps ti=<TaskInstance: silver_mtg_pipeline.wait_bronze manual__2026-03-26T03:09:25.875156+00:00 [queued]>
[2026-03-26T03:23:50.710+0000] {taskinstance.py:2306} INFO - Starting attempt 2 of 4
[2026-03-26T03:23:50.730+0000] {taskinstance.py:2330} INFO - Executing <Task(ExternalTaskSensor): wait_bronze> on 2026-03-26 03:09:25.875156+00:00
[2026-03-26T03:23:50.741+0000] {standard_task_runner.py:90} INFO - Running: ['airflow', 'tasks', 'run', 'silver_mtg_pipeline', 'wait_bronze', 'manual__2026-03-26T03:09:25.875156+00:00', '--job-id', '144', '--raw', '--subdir', 'DAGS_FOLDER/dag_silver_mtg.py', '--cfg-path', '/tmp/tmplg1x8fh9']
[2026-03-26T03:23:50.743+0000] {standard_task_runner.py:91} INFO - Job 144: Subtask wait_bronze
[2026-03-26T03:23:50.745+0000] {logging_mixin.py:188} WARNING - /home/airflow/.local/lib/python3.12/site-packages/airflow/task/task_runner/standard_task_runner.py:61 DeprecationWarning: This process (pid=237) is multi-threaded, use of fork() may lead to deadlocks in the child.
[2026-03-26T03:23:50.746+0000] {standard_task_runner.py:63} INFO - Started process 239 to run task
[2026-03-26T03:23:50.799+0000] {task_command.py:426} INFO - Running <TaskInstance: silver_mtg_pipeline.wait_bronze manual__2026-03-26T03:09:25.875156+00:00 [running]> on host 0339b91d7197
[2026-03-26T03:23:50.913+0000] {taskinstance.py:2648} INFO - Exporting env vars: AIRFLOW_CTX_DAG_OWNER='tiago' AIRFLOW_CTX_DAG_ID='silver_mtg_pipeline' AIRFLOW_CTX_TASK_ID='wait_bronze' AIRFLOW_CTX_EXECUTION_DATE='2026-03-26T03:09:25.875156+00:00' AIRFLOW_CTX_TRY_NUMBER='2' AIRFLOW_CTX_DAG_RUN_ID='manual__2026-03-26T03:09:25.875156+00:00'
[2026-03-26T03:23:50.915+0000] {taskinstance.py:430} INFO - ::endgroup::
[2026-03-26T03:23:51.117+0000] {baseoperator.py:399} WARNING - ExternalTaskSensor.execute cannot be called outside TaskInstance!
[2026-03-26T03:23:51.132+0000] {external_task.py:258} INFO - Poking for tasks ['transform_bronze'] in dag bronze_mtg_pipeline on 2026-03-26T03:09:25.875156+00:00 ... 
[2026-03-26T03:23:51.137+0000] {logging_mixin.py:188} WARNING - /home/airflow/.local/lib/python3.12/site-packages/airflow/utils/session.py:79 DeprecationWarning: This method is deprecated and will be removed in future.
[2026-03-26T03:23:51.152+0000] {taskinstance.py:441} INFO - ::group::Post task execution logs
[2026-03-26T03:23:51.189+0000] {taskinstance.py:2865} INFO - Rescheduling task, marking task as UP_FOR_RESCHEDULE
[2026-03-26T03:23:51.248+0000] {local_task_job_runner.py:240} INFO - Task exited with return code 0
[2026-03-26T03:23:51.282+0000] {taskinstance.py:3498} INFO - 0 downstream tasks scheduled from follow-on schedule check
[2026-03-26T03:23:51.284+0000] {local_task_job_runner.py:222} INFO - ::endgroup::
[2026-03-26T03:24:22.304+0000] {local_task_job_runner.py:120} INFO - ::group::Pre task execution logs
[2026-03-26T03:24:22.359+0000] {taskinstance.py:2076} INFO - Dependencies all met for dep_context=non-requeueable deps ti=<TaskInstance: silver_mtg_pipeline.wait_bronze manual__2026-03-26T03:09:25.875156+00:00 [queued]>
[2026-03-26T03:24:22.379+0000] {taskinstance.py:2076} INFO - Dependencies all met for dep_context=requeueable deps ti=<TaskInstance: silver_mtg_pipeline.wait_bronze manual__2026-03-26T03:09:25.875156+00:00 [queued]>
[2026-03-26T03:24:22.379+0000] {taskinstance.py:2306} INFO - Starting attempt 2 of 4
[2026-03-26T03:24:22.407+0000] {taskinstance.py:2330} INFO - Executing <Task(ExternalTaskSensor): wait_bronze> on 2026-03-26 03:09:25.875156+00:00
[2026-03-26T03:24:22.424+0000] {standard_task_runner.py:90} INFO - Running: ['airflow', 'tasks', 'run', 'silver_mtg_pipeline', 'wait_bronze', 'manual__2026-03-26T03:09:25.875156+00:00', '--job-id', '145', '--raw', '--subdir', 'DAGS_FOLDER/dag_silver_mtg.py', '--cfg-path', '/tmp/tmpcidgty1_']
[2026-03-26T03:24:22.428+0000] {standard_task_runner.py:91} INFO - Job 145: Subtask wait_bronze
[2026-03-26T03:24:22.433+0000] {logging_mixin.py:188} WARNING - /home/airflow/.local/lib/python3.12/site-packages/airflow/task/task_runner/standard_task_runner.py:61 DeprecationWarning: This process (pid=258) is multi-threaded, use of fork() may lead to deadlocks in the child.
[2026-03-26T03:24:22.434+0000] {standard_task_runner.py:63} INFO - Started process 260 to run task
[2026-03-26T03:24:22.496+0000] {task_command.py:426} INFO - Running <TaskInstance: silver_mtg_pipeline.wait_bronze manual__2026-03-26T03:09:25.875156+00:00 [running]> on host 0339b91d7197
[2026-03-26T03:24:22.670+0000] {taskinstance.py:2648} INFO - Exporting env vars: AIRFLOW_CTX_DAG_OWNER='tiago' AIRFLOW_CTX_DAG_ID='silver_mtg_pipeline' AIRFLOW_CTX_TASK_ID='wait_bronze' AIRFLOW_CTX_EXECUTION_DATE='2026-03-26T03:09:25.875156+00:00' AIRFLOW_CTX_TRY_NUMBER='2' AIRFLOW_CTX_DAG_RUN_ID='manual__2026-03-26T03:09:25.875156+00:00'
[2026-03-26T03:24:22.673+0000] {taskinstance.py:430} INFO - ::endgroup::
[2026-03-26T03:24:22.934+0000] {baseoperator.py:399} WARNING - ExternalTaskSensor.execute cannot be called outside TaskInstance!
[2026-03-26T03:24:22.949+0000] {external_task.py:258} INFO - Poking for tasks ['transform_bronze'] in dag bronze_mtg_pipeline on 2026-03-26T03:09:25.875156+00:00 ... 
[2026-03-26T03:24:22.955+0000] {logging_mixin.py:188} WARNING - /home/airflow/.local/lib/python3.12/site-packages/airflow/utils/session.py:79 DeprecationWarning: This method is deprecated and will be removed in future.
[2026-03-26T03:24:22.969+0000] {taskinstance.py:441} INFO - ::group::Post task execution logs
[2026-03-26T03:24:23.012+0000] {taskinstance.py:2865} INFO - Rescheduling task, marking task as UP_FOR_RESCHEDULE
[2026-03-26T03:24:23.066+0000] {local_task_job_runner.py:240} INFO - Task exited with return code 0
[2026-03-26T03:24:23.105+0000] {taskinstance.py:3498} INFO - 0 downstream tasks scheduled from follow-on schedule check
[2026-03-26T03:24:23.108+0000] {local_task_job_runner.py:222} INFO - ::endgroup::
[2026-03-26T03:24:54.696+0000] {local_task_job_runner.py:120} INFO - ::group::Pre task execution logs
[2026-03-26T03:24:54.754+0000] {taskinstance.py:2076} INFO - Dependencies all met for dep_context=non-requeueable deps ti=<TaskInstance: silver_mtg_pipeline.wait_bronze manual__2026-03-26T03:09:25.875156+00:00 [queued]>
[2026-03-26T03:24:54.770+0000] {taskinstance.py:2076} INFO - Dependencies all met for dep_context=requeueable deps ti=<TaskInstance: silver_mtg_pipeline.wait_bronze manual__2026-03-26T03:09:25.875156+00:00 [queued]>
[2026-03-26T03:24:54.771+0000] {taskinstance.py:2306} INFO - Starting attempt 2 of 4
[2026-03-26T03:24:54.793+0000] {taskinstance.py:2330} INFO - Executing <Task(ExternalTaskSensor): wait_bronze> on 2026-03-26 03:09:25.875156+00:00
[2026-03-26T03:24:54.816+0000] {standard_task_runner.py:90} INFO - Running: ['airflow', 'tasks', 'run', 'silver_mtg_pipeline', 'wait_bronze', 'manual__2026-03-26T03:09:25.875156+00:00', '--job-id', '146', '--raw', '--subdir', 'DAGS_FOLDER/dag_silver_mtg.py', '--cfg-path', '/tmp/tmpe3aapjqz']
[2026-03-26T03:24:54.819+0000] {logging_mixin.py:188} WARNING - /home/airflow/.local/lib/python3.12/site-packages/airflow/task/task_runner/standard_task_runner.py:61 DeprecationWarning: This process (pid=279) is multi-threaded, use of fork() may lead to deadlocks in the child.
[2026-03-26T03:24:54.820+0000] {standard_task_runner.py:63} INFO - Started process 281 to run task
[2026-03-26T03:24:54.819+0000] {standard_task_runner.py:91} INFO - Job 146: Subtask wait_bronze
[2026-03-26T03:24:54.894+0000] {task_command.py:426} INFO - Running <TaskInstance: silver_mtg_pipeline.wait_bronze manual__2026-03-26T03:09:25.875156+00:00 [running]> on host 0339b91d7197
[2026-03-26T03:24:55.069+0000] {taskinstance.py:2648} INFO - Exporting env vars: AIRFLOW_CTX_DAG_OWNER='tiago' AIRFLOW_CTX_DAG_ID='silver_mtg_pipeline' AIRFLOW_CTX_TASK_ID='wait_bronze' AIRFLOW_CTX_EXECUTION_DATE='2026-03-26T03:09:25.875156+00:00' AIRFLOW_CTX_TRY_NUMBER='2' AIRFLOW_CTX_DAG_RUN_ID='manual__2026-03-26T03:09:25.875156+00:00'
[2026-03-26T03:24:55.077+0000] {taskinstance.py:430} INFO - ::endgroup::
[2026-03-26T03:24:55.325+0000] {baseoperator.py:399} WARNING - ExternalTaskSensor.execute cannot be called outside TaskInstance!
[2026-03-26T03:24:55.337+0000] {external_task.py:258} INFO - Poking for tasks ['transform_bronze'] in dag bronze_mtg_pipeline on 2026-03-26T03:09:25.875156+00:00 ... 
[2026-03-26T03:24:55.342+0000] {logging_mixin.py:188} WARNING - /home/airflow/.local/lib/python3.12/site-packages/airflow/utils/session.py:79 DeprecationWarning: This method is deprecated and will be removed in future.
[2026-03-26T03:24:55.356+0000] {taskinstance.py:441} INFO - ::group::Post task execution logs
[2026-03-26T03:24:55.392+0000] {taskinstance.py:2865} INFO - Rescheduling task, marking task as UP_FOR_RESCHEDULE
[2026-03-26T03:24:55.448+0000] {local_task_job_runner.py:240} INFO - Task exited with return code 0
[2026-03-26T03:24:55.487+0000] {taskinstance.py:3498} INFO - 0 downstream tasks scheduled from follow-on schedule check
[2026-03-26T03:24:55.490+0000] {local_task_job_runner.py:222} INFO - ::endgroup::
[2026-03-26T03:25:26.291+0000] {local_task_job_runner.py:120} INFO - ::group::Pre task execution logs
[2026-03-26T03:25:26.335+0000] {taskinstance.py:2076} INFO - Dependencies all met for dep_context=non-requeueable deps ti=<TaskInstance: silver_mtg_pipeline.wait_bronze manual__2026-03-26T03:09:25.875156+00:00 [queued]>
[2026-03-26T03:25:26.346+0000] {taskinstance.py:2076} INFO - Dependencies all met for dep_context=requeueable deps ti=<TaskInstance: silver_mtg_pipeline.wait_bronze manual__2026-03-26T03:09:25.875156+00:00 [queued]>
[2026-03-26T03:25:26.346+0000] {taskinstance.py:2306} INFO - Starting attempt 2 of 4
[2026-03-26T03:25:26.362+0000] {taskinstance.py:2330} INFO - Executing <Task(ExternalTaskSensor): wait_bronze> on 2026-03-26 03:09:25.875156+00:00
[2026-03-26T03:25:26.376+0000] {standard_task_runner.py:90} INFO - Running: ['airflow', 'tasks', 'run', 'silver_mtg_pipeline', 'wait_bronze', 'manual__2026-03-26T03:09:25.875156+00:00', '--job-id', '147', '--raw', '--subdir', 'DAGS_FOLDER/dag_silver_mtg.py', '--cfg-path', '/tmp/tmp_nlo8uma']
[2026-03-26T03:25:26.379+0000] {standard_task_runner.py:91} INFO - Job 147: Subtask wait_bronze
[2026-03-26T03:25:26.380+0000] {logging_mixin.py:188} WARNING - /home/airflow/.local/lib/python3.12/site-packages/airflow/task/task_runner/standard_task_runner.py:61 DeprecationWarning: This process (pid=300) is multi-threaded, use of fork() may lead to deadlocks in the child.
[2026-03-26T03:25:26.380+0000] {standard_task_runner.py:63} INFO - Started process 302 to run task
[2026-03-26T03:25:26.440+0000] {task_command.py:426} INFO - Running <TaskInstance: silver_mtg_pipeline.wait_bronze manual__2026-03-26T03:09:25.875156+00:00 [running]> on host 0339b91d7197
[2026-03-26T03:25:26.565+0000] {taskinstance.py:2648} INFO - Exporting env vars: AIRFLOW_CTX_DAG_OWNER='tiago' AIRFLOW_CTX_DAG_ID='silver_mtg_pipeline' AIRFLOW_CTX_TASK_ID='wait_bronze' AIRFLOW_CTX_EXECUTION_DATE='2026-03-26T03:09:25.875156+00:00' AIRFLOW_CTX_TRY_NUMBER='2' AIRFLOW_CTX_DAG_RUN_ID='manual__2026-03-26T03:09:25.875156+00:00'
[2026-03-26T03:25:26.566+0000] {taskinstance.py:430} INFO - ::endgroup::
[2026-03-26T03:25:26.762+0000] {baseoperator.py:399} WARNING - ExternalTaskSensor.execute cannot be called outside TaskInstance!
[2026-03-26T03:25:26.774+0000] {external_task.py:258} INFO - Poking for tasks ['transform_bronze'] in dag bronze_mtg_pipeline on 2026-03-26T03:09:25.875156+00:00 ... 
[2026-03-26T03:25:26.780+0000] {logging_mixin.py:188} WARNING - /home/airflow/.local/lib/python3.12/site-packages/airflow/utils/session.py:79 DeprecationWarning: This method is deprecated and will be removed in future.
[2026-03-26T03:25:26.795+0000] {taskinstance.py:441} INFO - ::group::Post task execution logs
[2026-03-26T03:25:26.823+0000] {taskinstance.py:2865} INFO - Rescheduling task, marking task as UP_FOR_RESCHEDULE
[2026-03-26T03:25:26.846+0000] {local_task_job_runner.py:240} INFO - Task exited with return code 0
[2026-03-26T03:25:26.884+0000] {taskinstance.py:3498} INFO - 0 downstream tasks scheduled from follow-on schedule check
[2026-03-26T03:25:26.888+0000] {local_task_job_runner.py:222} INFO - ::endgroup::
