[2026-03-26T02:30:03.184+0000] {local_task_job_runner.py:120} INFO - ::group::Pre task execution logs
[2026-03-26T02:30:03.320+0000] {taskinstance.py:2076} INFO - Dependencies all met for dep_context=non-requeueable deps ti=<TaskInstance: silver_mtg_pipeline.wait_bronze scheduled__2026-03-26T02:00:00+00:00 [queued]>
[2026-03-26T02:30:03.341+0000] {taskinstance.py:2076} INFO - Dependencies all met for dep_context=requeueable deps ti=<TaskInstance: silver_mtg_pipeline.wait_bronze scheduled__2026-03-26T02:00:00+00:00 [queued]>
[2026-03-26T02:30:03.342+0000] {taskinstance.py:2306} INFO - Starting attempt 1 of 3
[2026-03-26T02:30:03.409+0000] {taskinstance.py:2330} INFO - Executing <Task(ExternalTaskSensor): wait_bronze> on 2026-03-26 02:00:00+00:00
[2026-03-26T02:30:03.447+0000] {standard_task_runner.py:90} INFO - Running: ['airflow', 'tasks', 'run', 'silver_mtg_pipeline', 'wait_bronze', 'scheduled__2026-03-26T02:00:00+00:00', '--job-id', '108', '--raw', '--subdir', 'DAGS_FOLDER/dag_silver_mtg.py', '--cfg-path', '/tmp/tmpxlh_vacu']
[2026-03-26T02:30:03.462+0000] {standard_task_runner.py:91} INFO - Job 108: Subtask wait_bronze
[2026-03-26T02:30:03.467+0000] {logging_mixin.py:188} WARNING - /home/airflow/.local/lib/python3.12/site-packages/airflow/task/task_runner/standard_task_runner.py:61 DeprecationWarning: This process (pid=995) is multi-threaded, use of fork() may lead to deadlocks in the child.
[2026-03-26T02:30:03.470+0000] {standard_task_runner.py:63} INFO - Started process 1008 to run task
[2026-03-26T02:30:03.640+0000] {task_command.py:426} INFO - Running <TaskInstance: silver_mtg_pipeline.wait_bronze scheduled__2026-03-26T02:00:00+00:00 [running]> on host f1086791f604
[2026-03-26T02:30:04.030+0000] {taskinstance.py:2648} INFO - Exporting env vars: AIRFLOW_CTX_DAG_OWNER='tiago' AIRFLOW_CTX_DAG_ID='silver_mtg_pipeline' AIRFLOW_CTX_TASK_ID='wait_bronze' AIRFLOW_CTX_EXECUTION_DATE='2026-03-26T02:00:00+00:00' AIRFLOW_CTX_TRY_NUMBER='1' AIRFLOW_CTX_DAG_RUN_ID='scheduled__2026-03-26T02:00:00+00:00'
[2026-03-26T02:30:04.036+0000] {taskinstance.py:430} INFO - ::endgroup::
[2026-03-26T02:30:04.475+0000] {baseoperator.py:399} WARNING - ExternalTaskSensor.execute cannot be called outside TaskInstance!
[2026-03-26T02:30:04.478+0000] {external_task.py:274} INFO - Poking for DAG 'bronze_mtg_pipeline' on 2026-03-26T02:00:00+00:00 ... 
[2026-03-26T02:30:04.485+0000] {logging_mixin.py:188} WARNING - /home/airflow/.local/lib/python3.12/site-packages/airflow/utils/session.py:79 DeprecationWarning: This method is deprecated and will be removed in future.
[2026-03-26T02:31:04.516+0000] {external_task.py:274} INFO - Poking for DAG 'bronze_mtg_pipeline' on 2026-03-26T02:00:00+00:00 ... 
[2026-03-26T02:31:04.525+0000] {base.py:294} INFO - Success criteria met. Exiting.
[2026-03-26T02:31:04.525+0000] {taskinstance.py:441} INFO - ::group::Post task execution logs
[2026-03-26T02:31:04.536+0000] {taskinstance.py:1206} INFO - Marking task as SUCCESS. dag_id=silver_mtg_pipeline, task_id=wait_bronze, run_id=scheduled__2026-03-26T02:00:00+00:00, execution_date=20260326T020000, start_date=20260326T023003, end_date=20260326T023104
[2026-03-26T02:31:04.606+0000] {local_task_job_runner.py:240} INFO - Task exited with return code 0
[2026-03-26T02:31:04.637+0000] {taskinstance.py:3498} INFO - 1 downstream tasks scheduled from follow-on schedule check
[2026-03-26T02:31:04.640+0000] {local_task_job_runner.py:222} INFO - ::endgroup::
